Copyright 1986-2015 Xilinx, Inc. All Rights Reserved.
-------------------------------------------------------------------------------------------------------------------------------------------------
| Tool Version : Vivado v.2015.4 (win64) Build 1412921 Wed Nov 18 09:43:45 MST 2015
| Date         : Thu Mar 05 14:19:25 2020
| Host         : Yami-chan running 64-bit major release  (build 9200)
| Command      : report_timing_summary -warn_on_violation -max_paths 10 -file main_timing_summary_routed.rpt -rpx main_timing_summary_routed.rpx
| Design       : main
| Device       : 7a100t-csg324
| Speed File   : -1  PRODUCTION 1.14 2014-09-11
-------------------------------------------------------------------------------------------------------------------------------------------------

Timing Summary Report

------------------------------------------------------------------------------------------------
| Timer Settings
| --------------
------------------------------------------------------------------------------------------------

  Enable Multi Corner Analysis               :  Yes
  Enable Pessimism Removal                   :  Yes
  Pessimism Removal Resolution               :  Nearest Common Node
  Enable Input Delay Default Clock           :  No
  Enable Preset / Clear Arcs                 :  No
  Disable Flight Delays                      :  No
  Ignore I/O Paths                           :  No
  Timing Early Launch at Borrowing Latches   :  false

  Corner  Analyze    Analyze    
  Name    Max Paths  Min Paths  
  ------  ---------  ---------  
  Slow    Yes        Yes        
  Fast    Yes        Yes        



check_timing report

Table of Contents
-----------------
1. checking no_clock
2. checking constant_clock
3. checking pulse_width_clock
4. checking unconstrained_internal_endpoints
5. checking no_input_delay
6. checking no_output_delay
7. checking multiple_clock
8. checking generated_clocks
9. checking loops
10. checking partial_input_delay
11. checking partial_output_delay
12. checking latch_loops

1. checking no_clock
--------------------
 There are 3 register/latch pins with no clock driven by root clock pin: u1/clk_05_reg/C (HIGH)


2. checking constant_clock
--------------------------
 There are 0 register/latch pins with constant_clock.


3. checking pulse_width_clock
-----------------------------
 There are 0 register/latch pins which need pulse_width check


4. checking unconstrained_internal_endpoints
--------------------------------------------
 There are 3 pins that are not constrained for maximum delay. (HIGH)

 There are 0 pins that are not constrained for maximum delay due to constant clock.


5. checking no_input_delay
--------------------------
 There are 4 input ports with no input delay specified. (HIGH)

 There are 0 input ports with no input delay but user has a false path constraint.


6. checking no_output_delay
---------------------------
 There are 3 ports with no output delay specified. (HIGH)

 There are 0 ports with no output delay but user has a false path constraint

 There are 0 ports with no output delay but with a timing clock defined on it or propagating through it


7. checking multiple_clock
--------------------------
 There are 0 register/latch pins with multiple clocks.


8. checking generated_clocks
----------------------------
 There are 0 generated clocks that are not connected to a clock source.


9. checking loops
-----------------
 There are 0 combinational loops in the design.


10. checking partial_input_delay
--------------------------------
 There are 0 input ports with partial input delay specified.


11. checking partial_output_delay
---------------------------------
 There are 0 ports with partial output delay specified.


12. checking latch_loops
------------------------
 There are 0 combinational latch loops in the design through latch input



------------------------------------------------------------------------------------------------
| Design Timing Summary
| ---------------------
------------------------------------------------------------------------------------------------

    WNS(ns)      TNS(ns)  TNS Failing Endpoints  TNS Total Endpoints      WHS(ns)      THS(ns)  THS Failing Endpoints  THS Total Endpoints     WPWS(ns)     TPWS(ns)  TPWS Failing Endpoints  TPWS Total Endpoints  
    -------      -------  ---------------------  -------------------      -------      -------  ---------------------  -------------------     --------     --------  ----------------------  --------------------  
      5.506        0.000                      0                   54        0.253        0.000                      0                   54        4.500        0.000                       0                    29  


All user specified timing constraints are met.


------------------------------------------------------------------------------------------------
| Clock Summary
| -------------
------------------------------------------------------------------------------------------------

Clock        Waveform(ns)       Period(ns)      Frequency(MHz)
-----        ------------       ----------      --------------
sys_clk_pin  {0.000 5.000}      10.000          100.000         


------------------------------------------------------------------------------------------------
| Intra Clock Table
| -----------------
------------------------------------------------------------------------------------------------

Clock             WNS(ns)      TNS(ns)  TNS Failing Endpoints  TNS Total Endpoints      WHS(ns)      THS(ns)  THS Failing Endpoints  THS Total Endpoints     WPWS(ns)     TPWS(ns)  TPWS Failing Endpoints  TPWS Total Endpoints  
-----             -------      -------  ---------------------  -------------------      -------      -------  ---------------------  -------------------     --------     --------  ----------------------  --------------------  
sys_clk_pin         5.506        0.000                      0                   54        0.253        0.000                      0                   54        4.500        0.000                       0                    29  


------------------------------------------------------------------------------------------------
| Inter Clock Table
| -----------------
------------------------------------------------------------------------------------------------

From Clock    To Clock          WNS(ns)      TNS(ns)  TNS Failing Endpoints  TNS Total Endpoints      WHS(ns)      THS(ns)  THS Failing Endpoints  THS Total Endpoints  
----------    --------          -------      -------  ---------------------  -------------------      -------      -------  ---------------------  -------------------  


------------------------------------------------------------------------------------------------
| Other Path Groups Table
| -----------------------
------------------------------------------------------------------------------------------------

Path Group    From Clock    To Clock          WNS(ns)      TNS(ns)  TNS Failing Endpoints  TNS Total Endpoints      WHS(ns)      THS(ns)  THS Failing Endpoints  THS Total Endpoints  
----------    ----------    --------          -------      -------  ---------------------  -------------------      -------      -------  ---------------------  -------------------  


------------------------------------------------------------------------------------------------
| Timing Details
| --------------
------------------------------------------------------------------------------------------------


---------------------------------------------------------------------------------------------------
From Clock:  sys_clk_pin
  To Clock:  sys_clk_pin

Setup :            0  Failing Endpoints,  Worst Slack        5.506ns,  Total Violation        0.000ns
Hold  :            0  Failing Endpoints,  Worst Slack        0.253ns,  Total Violation        0.000ns
PW    :            0  Failing Endpoints,  Worst Slack        4.500ns,  Total Violation        0.000ns
---------------------------------------------------------------------------------------------------


Max Delay Paths
--------------------------------------------------------------------------------------
Slack (MET) :             5.506ns  (required time - arrival time)
  Source:                 u1/counter_reg[4]/C
                            (rising edge-triggered cell FDRE clocked by sys_clk_pin  {rise@0.000ns fall@5.000ns period=10.000ns})
  Destination:            u1/counter_reg[1]/R
                            (rising edge-triggered cell FDRE clocked by sys_clk_pin  {rise@0.000ns fall@5.000ns period=10.000ns})
  Path Group:             sys_clk_pin
  Path Type:              Setup (Max at Slow Process Corner)
  Requirement:            10.000ns  (sys_clk_pin rise@10.000ns - sys_clk_pin rise@0.000ns)
  Data Path Delay:        4.029ns  (logic 1.062ns (26.357%)  route 2.967ns (73.643%))
  Logic Levels:           3  (LUT3=1 LUT4=1 LUT5=1)
  Clock Path Skew:        0.000ns (DCD - SCD + CPR)
    Destination Clock Delay (DCD):    4.790ns = ( 14.790 - 10.000 ) 
    Source Clock Delay      (SCD):    5.083ns
    Clock Pessimism Removal (CPR):    0.293ns
  Clock Uncertainty:      0.035ns  ((TSJ^2 + TIJ^2)^1/2 + DJ) / 2 + PE
    Total System Jitter     (TSJ):    0.071ns
    Total Input Jitter      (TIJ):    0.000ns
    Discrete Jitter          (DJ):    0.000ns
    Phase Error              (PE):    0.000ns

    Location             Delay type                Incr(ns)  Path(ns)    Netlist Resource(s)
  -------------------------------------------------------------------    -------------------
                         (clock sys_clk_pin rise edge)
                                                      0.000     0.000 r  
    E3                                                0.000     0.000 r  clk_100M (IN)
                         net (fo=0)                   0.000     0.000    clk_100M
    E3                   IBUF (Prop_ibuf_I_O)         1.482     1.482 r  clk_100M_IBUF_inst/O
                         net (fo=1, routed)           1.780     3.262    clk_100M_IBUF
    BUFGCTRL_X0Y16       BUFG (Prop_bufg_I_O)         0.096     3.358 r  clk_100M_IBUF_BUFG_inst/O
                         net (fo=28, routed)          1.724     5.083    u1/clk_100M_IBUF_BUFG
    SLICE_X0Y91          FDRE                                         r  u1/counter_reg[4]/C
  -------------------------------------------------------------------    -------------------
    SLICE_X0Y91          FDRE (Prop_fdre_C_Q)         0.456     5.539 r  u1/counter_reg[4]/Q
                         net (fo=2, routed)           0.680     6.219    u1/counter[4]
    SLICE_X1Y91          LUT4 (Prop_lut4_I2_O)        0.124     6.343 f  u1/counter[26]_i_9/O
                         net (fo=1, routed)           1.020     7.363    u1/counter[26]_i_9_n_0
    SLICE_X1Y94          LUT5 (Prop_lut5_I4_O)        0.150     7.513 f  u1/counter[26]_i_3/O
                         net (fo=2, routed)           0.314     7.827    u1/counter[26]_i_3_n_0
    SLICE_X1Y94          LUT3 (Prop_lut3_I0_O)        0.332     8.159 r  u1/counter[26]_i_1/O
                         net (fo=26, routed)          0.953     9.112    u1/clk_05
    SLICE_X0Y91          FDRE                                         r  u1/counter_reg[1]/R
  -------------------------------------------------------------------    -------------------

                         (clock sys_clk_pin rise edge)
                                                     10.000    10.000 r  
    E3                                                0.000    10.000 r  clk_100M (IN)
                         net (fo=0)                   0.000    10.000    clk_100M
    E3                   IBUF (Prop_ibuf_I_O)         1.411    11.411 r  clk_100M_IBUF_inst/O
                         net (fo=1, routed)           1.683    13.094    clk_100M_IBUF
    BUFGCTRL_X0Y16       BUFG (Prop_bufg_I_O)         0.091    13.185 r  clk_100M_IBUF_BUFG_inst/O
                         net (fo=28, routed)          1.604    14.790    u1/clk_100M_IBUF_BUFG
    SLICE_X0Y91          FDRE                                         r  u1/counter_reg[1]/C
                         clock pessimism              0.293    15.083    
                         clock uncertainty           -0.035    15.047    
    SLICE_X0Y91          FDRE (Setup_fdre_C_R)       -0.429    14.618    u1/counter_reg[1]
  -------------------------------------------------------------------
                         required time                         14.618    
                         arrival time                          -9.112    
  -------------------------------------------------------------------
                         slack                                  5.506    

Slack (MET) :             5.506ns  (required time - arrival time)
  Source:                 u1/counter_reg[4]/C
                            (rising edge-triggered cell FDRE clocked by sys_clk_pin  {rise@0.000ns fall@5.000ns period=10.000ns})
  Destination:            u1/counter_reg[2]/R
                            (rising edge-triggered cell FDRE clocked by sys_clk_pin  {rise@0.000ns fall@5.000ns period=10.000ns})
  Path Group:             sys_clk_pin
  Path Type:              Setup (Max at Slow Process Corner)
  Requirement:            10.000ns  (sys_clk_pin rise@10.000ns - sys_clk_pin rise@0.000ns)
  Data Path Delay:        4.029ns  (logic 1.062ns (26.357%)  route 2.967ns (73.643%))
  Logic Levels:           3  (LUT3=1 LUT4=1 LUT5=1)
  Clock Path Skew:        0.000ns (DCD - SCD + CPR)
    Destination Clock Delay (DCD):    4.790ns = ( 14.790 - 10.000 ) 
    Source Clock Delay      (SCD):    5.083ns
    Clock Pessimism Removal (CPR):    0.293ns
  Clock Uncertainty:      0.035ns  ((TSJ^2 + TIJ^2)^1/2 + DJ) / 2 + PE
    Total System Jitter     (TSJ):    0.071ns
    Total Input Jitter      (TIJ):    0.000ns
    Discrete Jitter          (DJ):    0.000ns
    Phase Error              (PE):    0.000ns

    Location             Delay type                Incr(ns)  Path(ns)    Netlist Resource(s)
  -------------------------------------------------------------------    -------------------
                         (clock sys_clk_pin rise edge)
                                                      0.000     0.000 r  
    E3                                                0.000     0.000 r  clk_100M (IN)
                         net (fo=0)                   0.000     0.000    clk_100M
    E3                   IBUF (Prop_ibuf_I_O)         1.482     1.482 r  clk_100M_IBUF_inst/O
                         net (fo=1, routed)           1.780     3.262    clk_100M_IBUF
    BUFGCTRL_X0Y16       BUFG (Prop_bufg_I_O)         0.096     3.358 r  clk_100M_IBUF_BUFG_inst/O
                         net (fo=28, routed)          1.724     5.083    u1/clk_100M_IBUF_BUFG
    SLICE_X0Y91          FDRE                                         r  u1/counter_reg[4]/C
  -------------------------------------------------------------------    -------------------
    SLICE_X0Y91          FDRE (Prop_fdre_C_Q)         0.456     5.539 r  u1/counter_reg[4]/Q
                         net (fo=2, routed)           0.680     6.219    u1/counter[4]
    SLICE_X1Y91          LUT4 (Prop_lut4_I2_O)        0.124     6.343 f  u1/counter[26]_i_9/O
                         net (fo=1, routed)           1.020     7.363    u1/counter[26]_i_9_n_0
    SLICE_X1Y94          LUT5 (Prop_lut5_I4_O)        0.150     7.513 f  u1/counter[26]_i_3/O
                         net (fo=2, routed)           0.314     7.827    u1/counter[26]_i_3_n_0
    SLICE_X1Y94          LUT3 (Prop_lut3_I0_O)        0.332     8.159 r  u1/counter[26]_i_1/O
                         net (fo=26, routed)          0.953     9.112    u1/clk_05
    SLICE_X0Y91          FDRE                                         r  u1/counter_reg[2]/R
  -------------------------------------------------------------------    -------------------

                         (clock sys_clk_pin rise edge)
                                                     10.000    10.000 r  
    E3                                                0.000    10.000 r  clk_100M (IN)
                         net (fo=0)                   0.000    10.000    clk_100M
    E3                   IBUF (Prop_ibuf_I_O)         1.411    11.411 r  clk_100M_IBUF_inst/O
                         net (fo=1, routed)           1.683    13.094    clk_100M_IBUF
    BUFGCTRL_X0Y16       BUFG (Prop_bufg_I_O)         0.091    13.185 r  clk_100M_IBUF_BUFG_inst/O
                         net (fo=28, routed)          1.604    14.790    u1/clk_100M_IBUF_BUFG
    SLICE_X0Y91          FDRE                                         r  u1/counter_reg[2]/C
                         clock pessimism              0.293    15.083    
                         clock uncertainty           -0.035    15.047    
    SLICE_X0Y91          FDRE (Setup_fdre_C_R)       -0.429    14.618    u1/counter_reg[2]
  -------------------------------------------------------------------
                         required time                         14.618    
                         arrival time                          -9.112    
  -------------------------------------------------------------------
                         slack                                  5.506    

Slack (MET) :             5.506ns  (required time - arrival time)
  Source:                 u1/counter_reg[4]/C
                            (rising edge-triggered cell FDRE clocked by sys_clk_pin  {rise@0.000ns fall@5.000ns period=10.000ns})
  Destination:            u1/counter_reg[3]/R
                            (rising edge-triggered cell FDRE clocked by sys_clk_pin  {rise@0.000ns fall@5.000ns period=10.000ns})
  Path Group:             sys_clk_pin
  Path Type:              Setup (Max at Slow Process Corner)
  Requirement:            10.000ns  (sys_clk_pin rise@10.000ns - sys_clk_pin rise@0.000ns)
  Data Path Delay:        4.029ns  (logic 1.062ns (26.357%)  route 2.967ns (73.643%))
  Logic Levels:           3  (LUT3=1 LUT4=1 LUT5=1)
  Clock Path Skew:        0.000ns (DCD - SCD + CPR)
    Destination Clock Delay (DCD):    4.790ns = ( 14.790 - 10.000 ) 
    Source Clock Delay      (SCD):    5.083ns
    Clock Pessimism Removal (CPR):    0.293ns
  Clock Uncertainty:      0.035ns  ((TSJ^2 + TIJ^2)^1/2 + DJ) / 2 + PE
    Total System Jitter     (TSJ):    0.071ns
    Total Input Jitter      (TIJ):    0.000ns
    Discrete Jitter          (DJ):    0.000ns
    Phase Error              (PE):    0.000ns

    Location             Delay type                Incr(ns)  Path(ns)    Netlist Resource(s)
  -------------------------------------------------------------------    -------------------
                         (clock sys_clk_pin rise edge)
                                                      0.000     0.000 r  
    E3                                                0.000     0.000 r  clk_100M (IN)
                         net (fo=0)                   0.000     0.000    clk_100M
    E3                   IBUF (Prop_ibuf_I_O)         1.482     1.482 r  clk_100M_IBUF_inst/O
                         net (fo=1, routed)           1.780     3.262    clk_100M_IBUF
    BUFGCTRL_X0Y16       BUFG (Prop_bufg_I_O)         0.096     3.358 r  clk_100M_IBUF_BUFG_inst/O
                         net (fo=28, routed)          1.724     5.083    u1/clk_100M_IBUF_BUFG
    SLICE_X0Y91          FDRE                                         r  u1/counter_reg[4]/C
  -------------------------------------------------------------------    -------------------
    SLICE_X0Y91          FDRE (Prop_fdre_C_Q)         0.456     5.539 r  u1/counter_reg[4]/Q
                         net (fo=2, routed)           0.680     6.219    u1/counter[4]
    SLICE_X1Y91          LUT4 (Prop_lut4_I2_O)        0.124     6.343 f  u1/counter[26]_i_9/O
                         net (fo=1, routed)           1.020     7.363    u1/counter[26]_i_9_n_0
    SLICE_X1Y94          LUT5 (Prop_lut5_I4_O)        0.150     7.513 f  u1/counter[26]_i_3/O
                         net (fo=2, routed)           0.314     7.827    u1/counter[26]_i_3_n_0
    SLICE_X1Y94          LUT3 (Prop_lut3_I0_O)        0.332     8.159 r  u1/counter[26]_i_1/O
                         net (fo=26, routed)          0.953     9.112    u1/clk_05
    SLICE_X0Y91          FDRE                                         r  u1/counter_reg[3]/R
  -------------------------------------------------------------------    -------------------

                         (clock sys_clk_pin rise edge)
                                                     10.000    10.000 r  
    E3                                                0.000    10.000 r  clk_100M (IN)
                         net (fo=0)                   0.000    10.000    clk_100M
    E3                   IBUF (Prop_ibuf_I_O)         1.411    11.411 r  clk_100M_IBUF_inst/O
                         net (fo=1, routed)           1.683    13.094    clk_100M_IBUF
    BUFGCTRL_X0Y16       BUFG (Prop_bufg_I_O)         0.091    13.185 r  clk_100M_IBUF_BUFG_inst/O
                         net (fo=28, routed)          1.604    14.790    u1/clk_100M_IBUF_BUFG
    SLICE_X0Y91          FDRE                                         r  u1/counter_reg[3]/C
                         clock pessimism              0.293    15.083    
                         clock uncertainty           -0.035    15.047    
    SLICE_X0Y91          FDRE (Setup_fdre_C_R)       -0.429    14.618    u1/counter_reg[3]
  -------------------------------------------------------------------
                         required time                         14.618    
                         arrival time                          -9.112    
  -------------------------------------------------------------------
                         slack                                  5.506    

Slack (MET) :             5.506ns  (required time - arrival time)
  Source:                 u1/counter_reg[4]/C
                            (rising edge-triggered cell FDRE clocked by sys_clk_pin  {rise@0.000ns fall@5.000ns period=10.000ns})
  Destination:            u1/counter_reg[4]/R
                            (rising edge-triggered cell FDRE clocked by sys_clk_pin  {rise@0.000ns fall@5.000ns period=10.000ns})
  Path Group:             sys_clk_pin
  Path Type:              Setup (Max at Slow Process Corner)
  Requirement:            10.000ns  (sys_clk_pin rise@10.000ns - sys_clk_pin rise@0.000ns)
  Data Path Delay:        4.029ns  (logic 1.062ns (26.357%)  route 2.967ns (73.643%))
  Logic Levels:           3  (LUT3=1 LUT4=1 LUT5=1)
  Clock Path Skew:        0.000ns (DCD - SCD + CPR)
    Destination Clock Delay (DCD):    4.790ns = ( 14.790 - 10.000 ) 
    Source Clock Delay      (SCD):    5.083ns
    Clock Pessimism Removal (CPR):    0.293ns
  Clock Uncertainty:      0.035ns  ((TSJ^2 + TIJ^2)^1/2 + DJ) / 2 + PE
    Total System Jitter     (TSJ):    0.071ns
    Total Input Jitter      (TIJ):    0.000ns
    Discrete Jitter          (DJ):    0.000ns
    Phase Error              (PE):    0.000ns

    Location             Delay type                Incr(ns)  Path(ns)    Netlist Resource(s)
  -------------------------------------------------------------------    -------------------
                         (clock sys_clk_pin rise edge)
                                                      0.000     0.000 r  
    E3                                                0.000     0.000 r  clk_100M (IN)
                         net (fo=0)                   0.000     0.000    clk_100M
    E3                   IBUF (Prop_ibuf_I_O)         1.482     1.482 r  clk_100M_IBUF_inst/O
                         net (fo=1, routed)           1.780     3.262    clk_100M_IBUF
    BUFGCTRL_X0Y16       BUFG (Prop_bufg_I_O)         0.096     3.358 r  clk_100M_IBUF_BUFG_inst/O
                         net (fo=28, routed)          1.724     5.083    u1/clk_100M_IBUF_BUFG
    SLICE_X0Y91          FDRE                                         r  u1/counter_reg[4]/C
  -------------------------------------------------------------------    -------------------
    SLICE_X0Y91          FDRE (Prop_fdre_C_Q)         0.456     5.539 r  u1/counter_reg[4]/Q
                         net (fo=2, routed)           0.680     6.219    u1/counter[4]
    SLICE_X1Y91          LUT4 (Prop_lut4_I2_O)        0.124     6.343 f  u1/counter[26]_i_9/O
                         net (fo=1, routed)           1.020     7.363    u1/counter[26]_i_9_n_0
    SLICE_X1Y94          LUT5 (Prop_lut5_I4_O)        0.150     7.513 f  u1/counter[26]_i_3/O
                         net (fo=2, routed)           0.314     7.827    u1/counter[26]_i_3_n_0
    SLICE_X1Y94          LUT3 (Prop_lut3_I0_O)        0.332     8.159 r  u1/counter[26]_i_1/O
                         net (fo=26, routed)          0.953     9.112    u1/clk_05
    SLICE_X0Y91          FDRE                                         r  u1/counter_reg[4]/R
  -------------------------------------------------------------------    -------------------

                         (clock sys_clk_pin rise edge)
                                                     10.000    10.000 r  
    E3                                                0.000    10.000 r  clk_100M (IN)
                         net (fo=0)                   0.000    10.000    clk_100M
    E3                   IBUF (Prop_ibuf_I_O)         1.411    11.411 r  clk_100M_IBUF_inst/O
                         net (fo=1, routed)           1.683    13.094    clk_100M_IBUF
    BUFGCTRL_X0Y16       BUFG (Prop_bufg_I_O)         0.091    13.185 r  clk_100M_IBUF_BUFG_inst/O
                         net (fo=28, routed)          1.604    14.790    u1/clk_100M_IBUF_BUFG
    SLICE_X0Y91          FDRE                                         r  u1/counter_reg[4]/C
                         clock pessimism              0.293    15.083    
                         clock uncertainty           -0.035    15.047    
    SLICE_X0Y91          FDRE (Setup_fdre_C_R)       -0.429    14.618    u1/counter_reg[4]
  -------------------------------------------------------------------
                         required time                         14.618    
                         arrival time                          -9.112    
  -------------------------------------------------------------------
                         slack                                  5.506    

Slack (MET) :             5.530ns  (required time - arrival time)
  Source:                 u1/counter_reg[4]/C
                            (rising edge-triggered cell FDRE clocked by sys_clk_pin  {rise@0.000ns fall@5.000ns period=10.000ns})
  Destination:            u1/counter_reg[5]/R
                            (rising edge-triggered cell FDRE clocked by sys_clk_pin  {rise@0.000ns fall@5.000ns period=10.000ns})
  Path Group:             sys_clk_pin
  Path Type:              Setup (Max at Slow Process Corner)
  Requirement:            10.000ns  (sys_clk_pin rise@10.000ns - sys_clk_pin rise@0.000ns)
  Data Path Delay:        3.980ns  (logic 1.062ns (26.681%)  route 2.918ns (73.319%))
  Logic Levels:           3  (LUT3=1 LUT4=1 LUT5=1)
  Clock Path Skew:        -0.025ns (DCD - SCD + CPR)
    Destination Clock Delay (DCD):    4.790ns = ( 14.790 - 10.000 ) 
    Source Clock Delay      (SCD):    5.083ns
    Clock Pessimism Removal (CPR):    0.268ns
  Clock Uncertainty:      0.035ns  ((TSJ^2 + TIJ^2)^1/2 + DJ) / 2 + PE
    Total System Jitter     (TSJ):    0.071ns
    Total Input Jitter      (TIJ):    0.000ns
    Discrete Jitter          (DJ):    0.000ns
    Phase Error              (PE):    0.000ns

    Location             Delay type                Incr(ns)  Path(ns)    Netlist Resource(s)
  -------------------------------------------------------------------    -------------------
                         (clock sys_clk_pin rise edge)
                                                      0.000     0.000 r  
    E3                                                0.000     0.000 r  clk_100M (IN)
                         net (fo=0)                   0.000     0.000    clk_100M
    E3                   IBUF (Prop_ibuf_I_O)         1.482     1.482 r  clk_100M_IBUF_inst/O
                         net (fo=1, routed)           1.780     3.262    clk_100M_IBUF
    BUFGCTRL_X0Y16       BUFG (Prop_bufg_I_O)         0.096     3.358 r  clk_100M_IBUF_BUFG_inst/O
                         net (fo=28, routed)          1.724     5.083    u1/clk_100M_IBUF_BUFG
    SLICE_X0Y91          FDRE                                         r  u1/counter_reg[4]/C
  -------------------------------------------------------------------    -------------------
    SLICE_X0Y91          FDRE (Prop_fdre_C_Q)         0.456     5.539 r  u1/counter_reg[4]/Q
                         net (fo=2, routed)           0.680     6.219    u1/counter[4]
    SLICE_X1Y91          LUT4 (Prop_lut4_I2_O)        0.124     6.343 f  u1/counter[26]_i_9/O
                         net (fo=1, routed)           1.020     7.363    u1/counter[26]_i_9_n_0
    SLICE_X1Y94          LUT5 (Prop_lut5_I4_O)        0.150     7.513 f  u1/counter[26]_i_3/O
                         net (fo=2, routed)           0.314     7.827    u1/counter[26]_i_3_n_0
    SLICE_X1Y94          LUT3 (Prop_lut3_I0_O)        0.332     8.159 r  u1/counter[26]_i_1/O
                         net (fo=26, routed)          0.904     9.063    u1/clk_05
    SLICE_X0Y92          FDRE                                         r  u1/counter_reg[5]/R
  -------------------------------------------------------------------    -------------------

                         (clock sys_clk_pin rise edge)
                                                     10.000    10.000 r  
    E3                                                0.000    10.000 r  clk_100M (IN)
                         net (fo=0)                   0.000    10.000    clk_100M
    E3                   IBUF (Prop_ibuf_I_O)         1.411    11.411 r  clk_100M_IBUF_inst/O
                         net (fo=1, routed)           1.683    13.094    clk_100M_IBUF
    BUFGCTRL_X0Y16       BUFG (Prop_bufg_I_O)         0.091    13.185 r  clk_100M_IBUF_BUFG_inst/O
                         net (fo=28, routed)          1.604    14.790    u1/clk_100M_IBUF_BUFG
    SLICE_X0Y92          FDRE                                         r  u1/counter_reg[5]/C
                         clock pessimism              0.268    15.058    
                         clock uncertainty           -0.035    15.022    
    SLICE_X0Y92          FDRE (Setup_fdre_C_R)       -0.429    14.593    u1/counter_reg[5]
  -------------------------------------------------------------------
                         required time                         14.593    
                         arrival time                          -9.063    
  -------------------------------------------------------------------
                         slack                                  5.530    

Slack (MET) :             5.530ns  (required time - arrival time)
  Source:                 u1/counter_reg[4]/C
                            (rising edge-triggered cell FDRE clocked by sys_clk_pin  {rise@0.000ns fall@5.000ns period=10.000ns})
  Destination:            u1/counter_reg[6]/R
                            (rising edge-triggered cell FDRE clocked by sys_clk_pin  {rise@0.000ns fall@5.000ns period=10.000ns})
  Path Group:             sys_clk_pin
  Path Type:              Setup (Max at Slow Process Corner)
  Requirement:            10.000ns  (sys_clk_pin rise@10.000ns - sys_clk_pin rise@0.000ns)
  Data Path Delay:        3.980ns  (logic 1.062ns (26.681%)  route 2.918ns (73.319%))
  Logic Levels:           3  (LUT3=1 LUT4=1 LUT5=1)
  Clock Path Skew:        -0.025ns (DCD - SCD + CPR)
    Destination Clock Delay (DCD):    4.790ns = ( 14.790 - 10.000 ) 
    Source Clock Delay      (SCD):    5.083ns
    Clock Pessimism Removal (CPR):    0.268ns
  Clock Uncertainty:      0.035ns  ((TSJ^2 + TIJ^2)^1/2 + DJ) / 2 + PE
    Total System Jitter     (TSJ):    0.071ns
    Total Input Jitter      (TIJ):    0.000ns
    Discrete Jitter          (DJ):    0.000ns
    Phase Error              (PE):    0.000ns

    Location             Delay type                Incr(ns)  Path(ns)    Netlist Resource(s)
  -------------------------------------------------------------------    -------------------
                         (clock sys_clk_pin rise edge)
                                                      0.000     0.000 r  
    E3                                                0.000     0.000 r  clk_100M (IN)
                         net (fo=0)                   0.000     0.000    clk_100M
    E3                   IBUF (Prop_ibuf_I_O)         1.482     1.482 r  clk_100M_IBUF_inst/O
                         net (fo=1, routed)           1.780     3.262    clk_100M_IBUF
    BUFGCTRL_X0Y16       BUFG (Prop_bufg_I_O)         0.096     3.358 r  clk_100M_IBUF_BUFG_inst/O
                         net (fo=28, routed)          1.724     5.083    u1/clk_100M_IBUF_BUFG
    SLICE_X0Y91          FDRE                                         r  u1/counter_reg[4]/C
  -------------------------------------------------------------------    -------------------
    SLICE_X0Y91          FDRE (Prop_fdre_C_Q)         0.456     5.539 r  u1/counter_reg[4]/Q
                         net (fo=2, routed)           0.680     6.219    u1/counter[4]
    SLICE_X1Y91          LUT4 (Prop_lut4_I2_O)        0.124     6.343 f  u1/counter[26]_i_9/O
                         net (fo=1, routed)           1.020     7.363    u1/counter[26]_i_9_n_0
    SLICE_X1Y94          LUT5 (Prop_lut5_I4_O)        0.150     7.513 f  u1/counter[26]_i_3/O
                         net (fo=2, routed)           0.314     7.827    u1/counter[26]_i_3_n_0
    SLICE_X1Y94          LUT3 (Prop_lut3_I0_O)        0.332     8.159 r  u1/counter[26]_i_1/O
                         net (fo=26, routed)          0.904     9.063    u1/clk_05
    SLICE_X0Y92          FDRE                                         r  u1/counter_reg[6]/R
  -------------------------------------------------------------------    -------------------

                         (clock sys_clk_pin rise edge)
                                                     10.000    10.000 r  
    E3                                                0.000    10.000 r  clk_100M (IN)
                         net (fo=0)                   0.000    10.000    clk_100M
    E3                   IBUF (Prop_ibuf_I_O)         1.411    11.411 r  clk_100M_IBUF_inst/O
                         net (fo=1, routed)           1.683    13.094    clk_100M_IBUF
    BUFGCTRL_X0Y16       BUFG (Prop_bufg_I_O)         0.091    13.185 r  clk_100M_IBUF_BUFG_inst/O
                         net (fo=28, routed)          1.604    14.790    u1/clk_100M_IBUF_BUFG
    SLICE_X0Y92          FDRE                                         r  u1/counter_reg[6]/C
                         clock pessimism              0.268    15.058    
                         clock uncertainty           -0.035    15.022    
    SLICE_X0Y92          FDRE (Setup_fdre_C_R)       -0.429    14.593    u1/counter_reg[6]
  -------------------------------------------------------------------
                         required time                         14.593    
                         arrival time                          -9.063    
  -------------------------------------------------------------------
                         slack                                  5.530    

Slack (MET) :             5.530ns  (required time - arrival time)
  Source:                 u1/counter_reg[4]/C
                            (rising edge-triggered cell FDRE clocked by sys_clk_pin  {rise@0.000ns fall@5.000ns period=10.000ns})
  Destination:            u1/counter_reg[7]/R
                            (rising edge-triggered cell FDRE clocked by sys_clk_pin  {rise@0.000ns fall@5.000ns period=10.000ns})
  Path Group:             sys_clk_pin
  Path Type:              Setup (Max at Slow Process Corner)
  Requirement:            10.000ns  (sys_clk_pin rise@10.000ns - sys_clk_pin rise@0.000ns)
  Data Path Delay:        3.980ns  (logic 1.062ns (26.681%)  route 2.918ns (73.319%))
  Logic Levels:           3  (LUT3=1 LUT4=1 LUT5=1)
  Clock Path Skew:        -0.025ns (DCD - SCD + CPR)
    Destination Clock Delay (DCD):    4.790ns = ( 14.790 - 10.000 ) 
    Source Clock Delay      (SCD):    5.083ns
    Clock Pessimism Removal (CPR):    0.268ns
  Clock Uncertainty:      0.035ns  ((TSJ^2 + TIJ^2)^1/2 + DJ) / 2 + PE
    Total System Jitter     (TSJ):    0.071ns
    Total Input Jitter      (TIJ):    0.000ns
    Discrete Jitter          (DJ):    0.000ns
    Phase Error              (PE):    0.000ns

    Location             Delay type                Incr(ns)  Path(ns)    Netlist Resource(s)
  -------------------------------------------------------------------    -------------------
                         (clock sys_clk_pin rise edge)
                                                      0.000     0.000 r  
    E3                                                0.000     0.000 r  clk_100M (IN)
                         net (fo=0)                   0.000     0.000    clk_100M
    E3                   IBUF (Prop_ibuf_I_O)         1.482     1.482 r  clk_100M_IBUF_inst/O
                         net (fo=1, routed)           1.780     3.262    clk_100M_IBUF
    BUFGCTRL_X0Y16       BUFG (Prop_bufg_I_O)         0.096     3.358 r  clk_100M_IBUF_BUFG_inst/O
                         net (fo=28, routed)          1.724     5.083    u1/clk_100M_IBUF_BUFG
    SLICE_X0Y91          FDRE                                         r  u1/counter_reg[4]/C
  -------------------------------------------------------------------    -------------------
    SLICE_X0Y91          FDRE (Prop_fdre_C_Q)         0.456     5.539 r  u1/counter_reg[4]/Q
                         net (fo=2, routed)           0.680     6.219    u1/counter[4]
    SLICE_X1Y91          LUT4 (Prop_lut4_I2_O)        0.124     6.343 f  u1/counter[26]_i_9/O
                         net (fo=1, routed)           1.020     7.363    u1/counter[26]_i_9_n_0
    SLICE_X1Y94          LUT5 (Prop_lut5_I4_O)        0.150     7.513 f  u1/counter[26]_i_3/O
                         net (fo=2, routed)           0.314     7.827    u1/counter[26]_i_3_n_0
    SLICE_X1Y94          LUT3 (Prop_lut3_I0_O)        0.332     8.159 r  u1/counter[26]_i_1/O
                         net (fo=26, routed)          0.904     9.063    u1/clk_05
    SLICE_X0Y92          FDRE                                         r  u1/counter_reg[7]/R
  -------------------------------------------------------------------    -------------------

                         (clock sys_clk_pin rise edge)
                                                     10.000    10.000 r  
    E3                                                0.000    10.000 r  clk_100M (IN)
                         net (fo=0)                   0.000    10.000    clk_100M
    E3                   IBUF (Prop_ibuf_I_O)         1.411    11.411 r  clk_100M_IBUF_inst/O
                         net (fo=1, routed)           1.683    13.094    clk_100M_IBUF
    BUFGCTRL_X0Y16       BUFG (Prop_bufg_I_O)         0.091    13.185 r  clk_100M_IBUF_BUFG_inst/O
                         net (fo=28, routed)          1.604    14.790    u1/clk_100M_IBUF_BUFG
    SLICE_X0Y92          FDRE                                         r  u1/counter_reg[7]/C
                         clock pessimism              0.268    15.058    
                         clock uncertainty           -0.035    15.022    
    SLICE_X0Y92          FDRE (Setup_fdre_C_R)       -0.429    14.593    u1/counter_reg[7]
  -------------------------------------------------------------------
                         required time                         14.593    
                         arrival time                          -9.063    
  -------------------------------------------------------------------
                         slack                                  5.530    

Slack (MET) :             5.530ns  (required time - arrival time)
  Source:                 u1/counter_reg[4]/C
                            (rising edge-triggered cell FDRE clocked by sys_clk_pin  {rise@0.000ns fall@5.000ns period=10.000ns})
  Destination:            u1/counter_reg[8]/R
                            (rising edge-triggered cell FDRE clocked by sys_clk_pin  {rise@0.000ns fall@5.000ns period=10.000ns})
  Path Group:             sys_clk_pin
  Path Type:              Setup (Max at Slow Process Corner)
  Requirement:            10.000ns  (sys_clk_pin rise@10.000ns - sys_clk_pin rise@0.000ns)
  Data Path Delay:        3.980ns  (logic 1.062ns (26.681%)  route 2.918ns (73.319%))
  Logic Levels:           3  (LUT3=1 LUT4=1 LUT5=1)
  Clock Path Skew:        -0.025ns (DCD - SCD + CPR)
    Destination Clock Delay (DCD):    4.790ns = ( 14.790 - 10.000 ) 
    Source Clock Delay      (SCD):    5.083ns
    Clock Pessimism Removal (CPR):    0.268ns
  Clock Uncertainty:      0.035ns  ((TSJ^2 + TIJ^2)^1/2 + DJ) / 2 + PE
    Total System Jitter     (TSJ):    0.071ns
    Total Input Jitter      (TIJ):    0.000ns
    Discrete Jitter          (DJ):    0.000ns
    Phase Error              (PE):    0.000ns

    Location             Delay type                Incr(ns)  Path(ns)    Netlist Resource(s)
  -------------------------------------------------------------------    -------------------
                         (clock sys_clk_pin rise edge)
                                                      0.000     0.000 r  
    E3                                                0.000     0.000 r  clk_100M (IN)
                         net (fo=0)                   0.000     0.000    clk_100M
    E3                   IBUF (Prop_ibuf_I_O)         1.482     1.482 r  clk_100M_IBUF_inst/O
                         net (fo=1, routed)           1.780     3.262    clk_100M_IBUF
    BUFGCTRL_X0Y16       BUFG (Prop_bufg_I_O)         0.096     3.358 r  clk_100M_IBUF_BUFG_inst/O
                         net (fo=28, routed)          1.724     5.083    u1/clk_100M_IBUF_BUFG
    SLICE_X0Y91          FDRE                                         r  u1/counter_reg[4]/C
  -------------------------------------------------------------------    -------------------
    SLICE_X0Y91          FDRE (Prop_fdre_C_Q)         0.456     5.539 r  u1/counter_reg[4]/Q
                         net (fo=2, routed)           0.680     6.219    u1/counter[4]
    SLICE_X1Y91          LUT4 (Prop_lut4_I2_O)        0.124     6.343 f  u1/counter[26]_i_9/O
                         net (fo=1, routed)           1.020     7.363    u1/counter[26]_i_9_n_0
    SLICE_X1Y94          LUT5 (Prop_lut5_I4_O)        0.150     7.513 f  u1/counter[26]_i_3/O
                         net (fo=2, routed)           0.314     7.827    u1/counter[26]_i_3_n_0
    SLICE_X1Y94          LUT3 (Prop_lut3_I0_O)        0.332     8.159 r  u1/counter[26]_i_1/O
                         net (fo=26, routed)          0.904     9.063    u1/clk_05
    SLICE_X0Y92          FDRE                                         r  u1/counter_reg[8]/R
  -------------------------------------------------------------------    -------------------

                         (clock sys_clk_pin rise edge)
                                                     10.000    10.000 r  
    E3                                                0.000    10.000 r  clk_100M (IN)
                         net (fo=0)                   0.000    10.000    clk_100M
    E3                   IBUF (Prop_ibuf_I_O)         1.411    11.411 r  clk_100M_IBUF_inst/O
                         net (fo=1, routed)           1.683    13.094    clk_100M_IBUF
    BUFGCTRL_X0Y16       BUFG (Prop_bufg_I_O)         0.091    13.185 r  clk_100M_IBUF_BUFG_inst/O
                         net (fo=28, routed)          1.604    14.790    u1/clk_100M_IBUF_BUFG
    SLICE_X0Y92          FDRE                                         r  u1/counter_reg[8]/C
                         clock pessimism              0.268    15.058    
                         clock uncertainty           -0.035    15.022    
    SLICE_X0Y92          FDRE (Setup_fdre_C_R)       -0.429    14.593    u1/counter_reg[8]
  -------------------------------------------------------------------
                         required time                         14.593    
                         arrival time                          -9.063    
  -------------------------------------------------------------------
                         slack                                  5.530    

Slack (MET) :             5.703ns  (required time - arrival time)
  Source:                 u1/counter_reg[4]/C
                            (rising edge-triggered cell FDRE clocked by sys_clk_pin  {rise@0.000ns fall@5.000ns period=10.000ns})
  Destination:            u1/counter_reg[17]/R
                            (rising edge-triggered cell FDRE clocked by sys_clk_pin  {rise@0.000ns fall@5.000ns period=10.000ns})
  Path Group:             sys_clk_pin
  Path Type:              Setup (Max at Slow Process Corner)
  Requirement:            10.000ns  (sys_clk_pin rise@10.000ns - sys_clk_pin rise@0.000ns)
  Data Path Delay:        3.809ns  (logic 1.062ns (27.882%)  route 2.747ns (72.118%))
  Logic Levels:           3  (LUT3=1 LUT4=1 LUT5=1)
  Clock Path Skew:        -0.024ns (DCD - SCD + CPR)
    Destination Clock Delay (DCD):    4.791ns = ( 14.791 - 10.000 ) 
    Source Clock Delay      (SCD):    5.083ns
    Clock Pessimism Removal (CPR):    0.268ns
  Clock Uncertainty:      0.035ns  ((TSJ^2 + TIJ^2)^1/2 + DJ) / 2 + PE
    Total System Jitter     (TSJ):    0.071ns
    Total Input Jitter      (TIJ):    0.000ns
    Discrete Jitter          (DJ):    0.000ns
    Phase Error              (PE):    0.000ns

    Location             Delay type                Incr(ns)  Path(ns)    Netlist Resource(s)
  -------------------------------------------------------------------    -------------------
                         (clock sys_clk_pin rise edge)
                                                      0.000     0.000 r  
    E3                                                0.000     0.000 r  clk_100M (IN)
                         net (fo=0)                   0.000     0.000    clk_100M
    E3                   IBUF (Prop_ibuf_I_O)         1.482     1.482 r  clk_100M_IBUF_inst/O
                         net (fo=1, routed)           1.780     3.262    clk_100M_IBUF
    BUFGCTRL_X0Y16       BUFG (Prop_bufg_I_O)         0.096     3.358 r  clk_100M_IBUF_BUFG_inst/O
                         net (fo=28, routed)          1.724     5.083    u1/clk_100M_IBUF_BUFG
    SLICE_X0Y91          FDRE                                         r  u1/counter_reg[4]/C
  -------------------------------------------------------------------    -------------------
    SLICE_X0Y91          FDRE (Prop_fdre_C_Q)         0.456     5.539 r  u1/counter_reg[4]/Q
                         net (fo=2, routed)           0.680     6.219    u1/counter[4]
    SLICE_X1Y91          LUT4 (Prop_lut4_I2_O)        0.124     6.343 f  u1/counter[26]_i_9/O
                         net (fo=1, routed)           1.020     7.363    u1/counter[26]_i_9_n_0
    SLICE_X1Y94          LUT5 (Prop_lut5_I4_O)        0.150     7.513 f  u1/counter[26]_i_3/O
                         net (fo=2, routed)           0.314     7.827    u1/counter[26]_i_3_n_0
    SLICE_X1Y94          LUT3 (Prop_lut3_I0_O)        0.332     8.159 r  u1/counter[26]_i_1/O
                         net (fo=26, routed)          0.733     8.892    u1/clk_05
    SLICE_X0Y95          FDRE                                         r  u1/counter_reg[17]/R
  -------------------------------------------------------------------    -------------------

                         (clock sys_clk_pin rise edge)
                                                     10.000    10.000 r  
    E3                                                0.000    10.000 r  clk_100M (IN)
                         net (fo=0)                   0.000    10.000    clk_100M
    E3                   IBUF (Prop_ibuf_I_O)         1.411    11.411 r  clk_100M_IBUF_inst/O
                         net (fo=1, routed)           1.683    13.094    clk_100M_IBUF
    BUFGCTRL_X0Y16       BUFG (Prop_bufg_I_O)         0.091    13.185 r  clk_100M_IBUF_BUFG_inst/O
                         net (fo=28, routed)          1.605    14.791    u1/clk_100M_IBUF_BUFG
    SLICE_X0Y95          FDRE                                         r  u1/counter_reg[17]/C
                         clock pessimism              0.268    15.059    
                         clock uncertainty           -0.035    15.023    
    SLICE_X0Y95          FDRE (Setup_fdre_C_R)       -0.429    14.594    u1/counter_reg[17]
  -------------------------------------------------------------------
                         required time                         14.594    
                         arrival time                          -8.892    
  -------------------------------------------------------------------
                         slack                                  5.703    

Slack (MET) :             5.703ns  (required time - arrival time)
  Source:                 u1/counter_reg[4]/C
                            (rising edge-triggered cell FDRE clocked by sys_clk_pin  {rise@0.000ns fall@5.000ns period=10.000ns})
  Destination:            u1/counter_reg[18]/R
                            (rising edge-triggered cell FDRE clocked by sys_clk_pin  {rise@0.000ns fall@5.000ns period=10.000ns})
  Path Group:             sys_clk_pin
  Path Type:              Setup (Max at Slow Process Corner)
  Requirement:            10.000ns  (sys_clk_pin rise@10.000ns - sys_clk_pin rise@0.000ns)
  Data Path Delay:        3.809ns  (logic 1.062ns (27.882%)  route 2.747ns (72.118%))
  Logic Levels:           3  (LUT3=1 LUT4=1 LUT5=1)
  Clock Path Skew:        -0.024ns (DCD - SCD + CPR)
    Destination Clock Delay (DCD):    4.791ns = ( 14.791 - 10.000 ) 
    Source Clock Delay      (SCD):    5.083ns
    Clock Pessimism Removal (CPR):    0.268ns
  Clock Uncertainty:      0.035ns  ((TSJ^2 + TIJ^2)^1/2 + DJ) / 2 + PE
    Total System Jitter     (TSJ):    0.071ns
    Total Input Jitter      (TIJ):    0.000ns
    Discrete Jitter          (DJ):    0.000ns
    Phase Error              (PE):    0.000ns

    Location             Delay type                Incr(ns)  Path(ns)    Netlist Resource(s)
  -------------------------------------------------------------------    -------------------
                         (clock sys_clk_pin rise edge)
                                                      0.000     0.000 r  
    E3                                                0.000     0.000 r  clk_100M (IN)
                         net (fo=0)                   0.000     0.000    clk_100M
    E3                   IBUF (Prop_ibuf_I_O)         1.482     1.482 r  clk_100M_IBUF_inst/O
                         net (fo=1, routed)           1.780     3.262    clk_100M_IBUF
    BUFGCTRL_X0Y16       BUFG (Prop_bufg_I_O)         0.096     3.358 r  clk_100M_IBUF_BUFG_inst/O
                         net (fo=28, routed)          1.724     5.083    u1/clk_100M_IBUF_BUFG
    SLICE_X0Y91          FDRE                                         r  u1/counter_reg[4]/C
  -------------------------------------------------------------------    -------------------
    SLICE_X0Y91          FDRE (Prop_fdre_C_Q)         0.456     5.539 r  u1/counter_reg[4]/Q
                         net (fo=2, routed)           0.680     6.219    u1/counter[4]
    SLICE_X1Y91          LUT4 (Prop_lut4_I2_O)        0.124     6.343 f  u1/counter[26]_i_9/O
                         net (fo=1, routed)           1.020     7.363    u1/counter[26]_i_9_n_0
    SLICE_X1Y94          LUT5 (Prop_lut5_I4_O)        0.150     7.513 f  u1/counter[26]_i_3/O
                         net (fo=2, routed)           0.314     7.827    u1/counter[26]_i_3_n_0
    SLICE_X1Y94          LUT3 (Prop_lut3_I0_O)        0.332     8.159 r  u1/counter[26]_i_1/O
                         net (fo=26, routed)          0.733     8.892    u1/clk_05
    SLICE_X0Y95          FDRE                                         r  u1/counter_reg[18]/R
  -------------------------------------------------------------------    -------------------

                         (clock sys_clk_pin rise edge)
                                                     10.000    10.000 r  
    E3                                                0.000    10.000 r  clk_100M (IN)
                         net (fo=0)                   0.000    10.000    clk_100M
    E3                   IBUF (Prop_ibuf_I_O)         1.411    11.411 r  clk_100M_IBUF_inst/O
                         net (fo=1, routed)           1.683    13.094    clk_100M_IBUF
    BUFGCTRL_X0Y16       BUFG (Prop_bufg_I_O)         0.091    13.185 r  clk_100M_IBUF_BUFG_inst/O
                         net (fo=28, routed)          1.605    14.791    u1/clk_100M_IBUF_BUFG
    SLICE_X0Y95          FDRE                                         r  u1/counter_reg[18]/C
                         clock pessimism              0.268    15.059    
                         clock uncertainty           -0.035    15.023    
    SLICE_X0Y95          FDRE (Setup_fdre_C_R)       -0.429    14.594    u1/counter_reg[18]
  -------------------------------------------------------------------
                         required time                         14.594    
                         arrival time                          -8.892    
  -------------------------------------------------------------------
                         slack                                  5.703    





Min Delay Paths
--------------------------------------------------------------------------------------
Slack (MET) :             0.253ns  (arrival time - required time)
  Source:                 u1/counter_reg[14]/C
                            (rising edge-triggered cell FDRE clocked by sys_clk_pin  {rise@0.000ns fall@5.000ns period=10.000ns})
  Destination:            u1/clk_05_reg/D
                            (rising edge-triggered cell FDRE clocked by sys_clk_pin  {rise@0.000ns fall@5.000ns period=10.000ns})
  Path Group:             sys_clk_pin
  Path Type:              Hold (Min at Fast Process Corner)
  Requirement:            0.000ns  (sys_clk_pin rise@0.000ns - sys_clk_pin rise@0.000ns)
  Data Path Delay:        0.357ns  (logic 0.231ns (64.755%)  route 0.126ns (35.245%))
  Logic Levels:           2  (LUT4=1 LUT5=1)
  Clock Path Skew:        0.013ns (DCD - SCD - CPR)
    Destination Clock Delay (DCD):    1.946ns
    Source Clock Delay      (SCD):    1.437ns
    Clock Pessimism Removal (CPR):    0.495ns

    Location             Delay type                Incr(ns)  Path(ns)    Netlist Resource(s)
  -------------------------------------------------------------------    -------------------
                         (clock sys_clk_pin rise edge)
                                                      0.000     0.000 r  
    E3                                                0.000     0.000 r  clk_100M (IN)
                         net (fo=0)                   0.000     0.000    clk_100M
    E3                   IBUF (Prop_ibuf_I_O)         0.250     0.250 r  clk_100M_IBUF_inst/O
                         net (fo=1, routed)           0.558     0.808    clk_100M_IBUF
    BUFGCTRL_X0Y16       BUFG (Prop_bufg_I_O)         0.026     0.834 r  clk_100M_IBUF_BUFG_inst/O
                         net (fo=28, routed)          0.604     1.437    u1/clk_100M_IBUF_BUFG
    SLICE_X0Y94          FDRE                                         r  u1/counter_reg[14]/C
  -------------------------------------------------------------------    -------------------
    SLICE_X0Y94          FDRE (Prop_fdre_C_Q)         0.141     1.578 f  u1/counter_reg[14]/Q
                         net (fo=2, routed)           0.063     1.641    u1/counter[14]
    SLICE_X1Y94          LUT5 (Prop_lut5_I3_O)        0.045     1.686 r  u1/counter[26]_i_5/O
                         net (fo=2, routed)           0.063     1.749    u1/counter[26]_i_5_n_0
    SLICE_X1Y94          LUT4 (Prop_lut4_I2_O)        0.045     1.794 r  u1/clk_05_i_1/O
                         net (fo=1, routed)           0.000     1.794    u1/clk_05_i_1_n_0
    SLICE_X1Y94          FDRE                                         r  u1/clk_05_reg/D
  -------------------------------------------------------------------    -------------------

                         (clock sys_clk_pin rise edge)
                                                      0.000     0.000 r  
    E3                                                0.000     0.000 r  clk_100M (IN)
                         net (fo=0)                   0.000     0.000    clk_100M
    E3                   IBUF (Prop_ibuf_I_O)         0.438     0.438 r  clk_100M_IBUF_inst/O
                         net (fo=1, routed)           0.603     1.040    clk_100M_IBUF
    BUFGCTRL_X0Y16       BUFG (Prop_bufg_I_O)         0.029     1.069 r  clk_100M_IBUF_BUFG_inst/O
                         net (fo=28, routed)          0.877     1.946    u1/clk_100M_IBUF_BUFG
    SLICE_X1Y94          FDRE                                         r  u1/clk_05_reg/C
                         clock pessimism             -0.495     1.450    
    SLICE_X1Y94          FDRE (Hold_fdre_C_D)         0.091     1.541    u1/clk_05_reg
  -------------------------------------------------------------------
                         required time                         -1.541    
                         arrival time                           1.794    
  -------------------------------------------------------------------
                         slack                                  0.253    

Slack (MET) :             0.280ns  (arrival time - required time)
  Source:                 u1/counter_reg[11]/C
                            (rising edge-triggered cell FDRE clocked by sys_clk_pin  {rise@0.000ns fall@5.000ns period=10.000ns})
  Destination:            u1/counter_reg[11]/D
                            (rising edge-triggered cell FDRE clocked by sys_clk_pin  {rise@0.000ns fall@5.000ns period=10.000ns})
  Path Group:             sys_clk_pin
  Path Type:              Hold (Min at Fast Process Corner)
  Requirement:            0.000ns  (sys_clk_pin rise@0.000ns - sys_clk_pin rise@0.000ns)
  Data Path Delay:        0.385ns  (logic 0.252ns (65.529%)  route 0.133ns (34.471%))
  Logic Levels:           1  (CARRY4=1)
  Clock Path Skew:        0.000ns (DCD - SCD - CPR)
    Destination Clock Delay (DCD):    1.946ns
    Source Clock Delay      (SCD):    1.437ns
    Clock Pessimism Removal (CPR):    0.508ns

    Location             Delay type                Incr(ns)  Path(ns)    Netlist Resource(s)
  -------------------------------------------------------------------    -------------------
                         (clock sys_clk_pin rise edge)
                                                      0.000     0.000 r  
    E3                                                0.000     0.000 r  clk_100M (IN)
                         net (fo=0)                   0.000     0.000    clk_100M
    E3                   IBUF (Prop_ibuf_I_O)         0.250     0.250 r  clk_100M_IBUF_inst/O
                         net (fo=1, routed)           0.558     0.808    clk_100M_IBUF
    BUFGCTRL_X0Y16       BUFG (Prop_bufg_I_O)         0.026     0.834 r  clk_100M_IBUF_BUFG_inst/O
                         net (fo=28, routed)          0.604     1.437    u1/clk_100M_IBUF_BUFG
    SLICE_X0Y93          FDRE                                         r  u1/counter_reg[11]/C
  -------------------------------------------------------------------    -------------------
    SLICE_X0Y93          FDRE (Prop_fdre_C_Q)         0.141     1.578 r  u1/counter_reg[11]/Q
                         net (fo=2, routed)           0.133     1.711    u1/counter[11]
    SLICE_X0Y93          CARRY4 (Prop_carry4_S[2]_O[2])
                                                      0.111     1.822 r  u1/counter_reg[12]_i_1/O[2]
                         net (fo=1, routed)           0.000     1.822    u1/data0[11]
    SLICE_X0Y93          FDRE                                         r  u1/counter_reg[11]/D
  -------------------------------------------------------------------    -------------------

                         (clock sys_clk_pin rise edge)
                                                      0.000     0.000 r  
    E3                                                0.000     0.000 r  clk_100M (IN)
                         net (fo=0)                   0.000     0.000    clk_100M
    E3                   IBUF (Prop_ibuf_I_O)         0.438     0.438 r  clk_100M_IBUF_inst/O
                         net (fo=1, routed)           0.603     1.040    clk_100M_IBUF
    BUFGCTRL_X0Y16       BUFG (Prop_bufg_I_O)         0.029     1.069 r  clk_100M_IBUF_BUFG_inst/O
                         net (fo=28, routed)          0.877     1.946    u1/clk_100M_IBUF_BUFG
    SLICE_X0Y93          FDRE                                         r  u1/counter_reg[11]/C
                         clock pessimism             -0.508     1.437    
    SLICE_X0Y93          FDRE (Hold_fdre_C_D)         0.105     1.542    u1/counter_reg[11]
  -------------------------------------------------------------------
                         required time                         -1.542    
                         arrival time                           1.822    
  -------------------------------------------------------------------
                         slack                                  0.280    

Slack (MET) :             0.280ns  (arrival time - required time)
  Source:                 u1/counter_reg[19]/C
                            (rising edge-triggered cell FDRE clocked by sys_clk_pin  {rise@0.000ns fall@5.000ns period=10.000ns})
  Destination:            u1/counter_reg[19]/D
                            (rising edge-triggered cell FDRE clocked by sys_clk_pin  {rise@0.000ns fall@5.000ns period=10.000ns})
  Path Group:             sys_clk_pin
  Path Type:              Hold (Min at Fast Process Corner)
  Requirement:            0.000ns  (sys_clk_pin rise@0.000ns - sys_clk_pin rise@0.000ns)
  Data Path Delay:        0.385ns  (logic 0.252ns (65.529%)  route 0.133ns (34.471%))
  Logic Levels:           1  (CARRY4=1)
  Clock Path Skew:        0.000ns (DCD - SCD - CPR)
    Destination Clock Delay (DCD):    1.946ns
    Source Clock Delay      (SCD):    1.437ns
    Clock Pessimism Removal (CPR):    0.508ns

    Location             Delay type                Incr(ns)  Path(ns)    Netlist Resource(s)
  -------------------------------------------------------------------    -------------------
                         (clock sys_clk_pin rise edge)
                                                      0.000     0.000 r  
    E3                                                0.000     0.000 r  clk_100M (IN)
                         net (fo=0)                   0.000     0.000    clk_100M
    E3                   IBUF (Prop_ibuf_I_O)         0.250     0.250 r  clk_100M_IBUF_inst/O
                         net (fo=1, routed)           0.558     0.808    clk_100M_IBUF
    BUFGCTRL_X0Y16       BUFG (Prop_bufg_I_O)         0.026     0.834 r  clk_100M_IBUF_BUFG_inst/O
                         net (fo=28, routed)          0.604     1.437    u1/clk_100M_IBUF_BUFG
    SLICE_X0Y95          FDRE                                         r  u1/counter_reg[19]/C
  -------------------------------------------------------------------    -------------------
    SLICE_X0Y95          FDRE (Prop_fdre_C_Q)         0.141     1.578 r  u1/counter_reg[19]/Q
                         net (fo=2, routed)           0.133     1.711    u1/counter[19]
    SLICE_X0Y95          CARRY4 (Prop_carry4_S[2]_O[2])
                                                      0.111     1.822 r  u1/counter_reg[20]_i_1/O[2]
                         net (fo=1, routed)           0.000     1.822    u1/data0[19]
    SLICE_X0Y95          FDRE                                         r  u1/counter_reg[19]/D
  -------------------------------------------------------------------    -------------------

                         (clock sys_clk_pin rise edge)
                                                      0.000     0.000 r  
    E3                                                0.000     0.000 r  clk_100M (IN)
                         net (fo=0)                   0.000     0.000    clk_100M
    E3                   IBUF (Prop_ibuf_I_O)         0.438     0.438 r  clk_100M_IBUF_inst/O
                         net (fo=1, routed)           0.603     1.040    clk_100M_IBUF
    BUFGCTRL_X0Y16       BUFG (Prop_bufg_I_O)         0.029     1.069 r  clk_100M_IBUF_BUFG_inst/O
                         net (fo=28, routed)          0.877     1.946    u1/clk_100M_IBUF_BUFG
    SLICE_X0Y95          FDRE                                         r  u1/counter_reg[19]/C
                         clock pessimism             -0.508     1.437    
    SLICE_X0Y95          FDRE (Hold_fdre_C_D)         0.105     1.542    u1/counter_reg[19]
  -------------------------------------------------------------------
                         required time                         -1.542    
                         arrival time                           1.822    
  -------------------------------------------------------------------
                         slack                                  0.280    

Slack (MET) :             0.280ns  (arrival time - required time)
  Source:                 u1/counter_reg[23]/C
                            (rising edge-triggered cell FDRE clocked by sys_clk_pin  {rise@0.000ns fall@5.000ns period=10.000ns})
  Destination:            u1/counter_reg[23]/D
                            (rising edge-triggered cell FDRE clocked by sys_clk_pin  {rise@0.000ns fall@5.000ns period=10.000ns})
  Path Group:             sys_clk_pin
  Path Type:              Hold (Min at Fast Process Corner)
  Requirement:            0.000ns  (sys_clk_pin rise@0.000ns - sys_clk_pin rise@0.000ns)
  Data Path Delay:        0.385ns  (logic 0.252ns (65.529%)  route 0.133ns (34.471%))
  Logic Levels:           1  (CARRY4=1)
  Clock Path Skew:        0.000ns (DCD - SCD - CPR)
    Destination Clock Delay (DCD):    1.946ns
    Source Clock Delay      (SCD):    1.437ns
    Clock Pessimism Removal (CPR):    0.508ns

    Location             Delay type                Incr(ns)  Path(ns)    Netlist Resource(s)
  -------------------------------------------------------------------    -------------------
                         (clock sys_clk_pin rise edge)
                                                      0.000     0.000 r  
    E3                                                0.000     0.000 r  clk_100M (IN)
                         net (fo=0)                   0.000     0.000    clk_100M
    E3                   IBUF (Prop_ibuf_I_O)         0.250     0.250 r  clk_100M_IBUF_inst/O
                         net (fo=1, routed)           0.558     0.808    clk_100M_IBUF
    BUFGCTRL_X0Y16       BUFG (Prop_bufg_I_O)         0.026     0.834 r  clk_100M_IBUF_BUFG_inst/O
                         net (fo=28, routed)          0.604     1.437    u1/clk_100M_IBUF_BUFG
    SLICE_X0Y96          FDRE                                         r  u1/counter_reg[23]/C
  -------------------------------------------------------------------    -------------------
    SLICE_X0Y96          FDRE (Prop_fdre_C_Q)         0.141     1.578 r  u1/counter_reg[23]/Q
                         net (fo=2, routed)           0.133     1.711    u1/counter[23]
    SLICE_X0Y96          CARRY4 (Prop_carry4_S[2]_O[2])
                                                      0.111     1.822 r  u1/counter_reg[24]_i_1/O[2]
                         net (fo=1, routed)           0.000     1.822    u1/data0[23]
    SLICE_X0Y96          FDRE                                         r  u1/counter_reg[23]/D
  -------------------------------------------------------------------    -------------------

                         (clock sys_clk_pin rise edge)
                                                      0.000     0.000 r  
    E3                                                0.000     0.000 r  clk_100M (IN)
                         net (fo=0)                   0.000     0.000    clk_100M
    E3                   IBUF (Prop_ibuf_I_O)         0.438     0.438 r  clk_100M_IBUF_inst/O
                         net (fo=1, routed)           0.603     1.040    clk_100M_IBUF
    BUFGCTRL_X0Y16       BUFG (Prop_bufg_I_O)         0.029     1.069 r  clk_100M_IBUF_BUFG_inst/O
                         net (fo=28, routed)          0.877     1.946    u1/clk_100M_IBUF_BUFG
    SLICE_X0Y96          FDRE                                         r  u1/counter_reg[23]/C
                         clock pessimism             -0.508     1.437    
    SLICE_X0Y96          FDRE (Hold_fdre_C_D)         0.105     1.542    u1/counter_reg[23]
  -------------------------------------------------------------------
                         required time                         -1.542    
                         arrival time                           1.822    
  -------------------------------------------------------------------
                         slack                                  0.280    

Slack (MET) :             0.280ns  (arrival time - required time)
  Source:                 u1/counter_reg[3]/C
                            (rising edge-triggered cell FDRE clocked by sys_clk_pin  {rise@0.000ns fall@5.000ns period=10.000ns})
  Destination:            u1/counter_reg[3]/D
                            (rising edge-triggered cell FDRE clocked by sys_clk_pin  {rise@0.000ns fall@5.000ns period=10.000ns})
  Path Group:             sys_clk_pin
  Path Type:              Hold (Min at Fast Process Corner)
  Requirement:            0.000ns  (sys_clk_pin rise@0.000ns - sys_clk_pin rise@0.000ns)
  Data Path Delay:        0.385ns  (logic 0.252ns (65.529%)  route 0.133ns (34.471%))
  Logic Levels:           1  (CARRY4=1)
  Clock Path Skew:        0.000ns (DCD - SCD - CPR)
    Destination Clock Delay (DCD):    1.945ns
    Source Clock Delay      (SCD):    1.436ns
    Clock Pessimism Removal (CPR):    0.508ns

    Location             Delay type                Incr(ns)  Path(ns)    Netlist Resource(s)
  -------------------------------------------------------------------    -------------------
                         (clock sys_clk_pin rise edge)
                                                      0.000     0.000 r  
    E3                                                0.000     0.000 r  clk_100M (IN)
                         net (fo=0)                   0.000     0.000    clk_100M
    E3                   IBUF (Prop_ibuf_I_O)         0.250     0.250 r  clk_100M_IBUF_inst/O
                         net (fo=1, routed)           0.558     0.808    clk_100M_IBUF
    BUFGCTRL_X0Y16       BUFG (Prop_bufg_I_O)         0.026     0.834 r  clk_100M_IBUF_BUFG_inst/O
                         net (fo=28, routed)          0.603     1.436    u1/clk_100M_IBUF_BUFG
    SLICE_X0Y91          FDRE                                         r  u1/counter_reg[3]/C
  -------------------------------------------------------------------    -------------------
    SLICE_X0Y91          FDRE (Prop_fdre_C_Q)         0.141     1.577 r  u1/counter_reg[3]/Q
                         net (fo=2, routed)           0.133     1.710    u1/counter[3]
    SLICE_X0Y91          CARRY4 (Prop_carry4_S[2]_O[2])
                                                      0.111     1.821 r  u1/counter_reg[4]_i_1/O[2]
                         net (fo=1, routed)           0.000     1.821    u1/data0[3]
    SLICE_X0Y91          FDRE                                         r  u1/counter_reg[3]/D
  -------------------------------------------------------------------    -------------------

                         (clock sys_clk_pin rise edge)
                                                      0.000     0.000 r  
    E3                                                0.000     0.000 r  clk_100M (IN)
                         net (fo=0)                   0.000     0.000    clk_100M
    E3                   IBUF (Prop_ibuf_I_O)         0.438     0.438 r  clk_100M_IBUF_inst/O
                         net (fo=1, routed)           0.603     1.040    clk_100M_IBUF
    BUFGCTRL_X0Y16       BUFG (Prop_bufg_I_O)         0.029     1.069 r  clk_100M_IBUF_BUFG_inst/O
                         net (fo=28, routed)          0.876     1.945    u1/clk_100M_IBUF_BUFG
    SLICE_X0Y91          FDRE                                         r  u1/counter_reg[3]/C
                         clock pessimism             -0.508     1.436    
    SLICE_X0Y91          FDRE (Hold_fdre_C_D)         0.105     1.541    u1/counter_reg[3]
  -------------------------------------------------------------------
                         required time                         -1.541    
                         arrival time                           1.821    
  -------------------------------------------------------------------
                         slack                                  0.280    

Slack (MET) :             0.280ns  (arrival time - required time)
  Source:                 u1/counter_reg[7]/C
                            (rising edge-triggered cell FDRE clocked by sys_clk_pin  {rise@0.000ns fall@5.000ns period=10.000ns})
  Destination:            u1/counter_reg[7]/D
                            (rising edge-triggered cell FDRE clocked by sys_clk_pin  {rise@0.000ns fall@5.000ns period=10.000ns})
  Path Group:             sys_clk_pin
  Path Type:              Hold (Min at Fast Process Corner)
  Requirement:            0.000ns  (sys_clk_pin rise@0.000ns - sys_clk_pin rise@0.000ns)
  Data Path Delay:        0.385ns  (logic 0.252ns (65.465%)  route 0.133ns (34.535%))
  Logic Levels:           1  (CARRY4=1)
  Clock Path Skew:        0.000ns (DCD - SCD - CPR)
    Destination Clock Delay (DCD):    1.945ns
    Source Clock Delay      (SCD):    1.436ns
    Clock Pessimism Removal (CPR):    0.508ns

    Location             Delay type                Incr(ns)  Path(ns)    Netlist Resource(s)
  -------------------------------------------------------------------    -------------------
                         (clock sys_clk_pin rise edge)
                                                      0.000     0.000 r  
    E3                                                0.000     0.000 r  clk_100M (IN)
                         net (fo=0)                   0.000     0.000    clk_100M
    E3                   IBUF (Prop_ibuf_I_O)         0.250     0.250 r  clk_100M_IBUF_inst/O
                         net (fo=1, routed)           0.558     0.808    clk_100M_IBUF
    BUFGCTRL_X0Y16       BUFG (Prop_bufg_I_O)         0.026     0.834 r  clk_100M_IBUF_BUFG_inst/O
                         net (fo=28, routed)          0.603     1.436    u1/clk_100M_IBUF_BUFG
    SLICE_X0Y92          FDRE                                         r  u1/counter_reg[7]/C
  -------------------------------------------------------------------    -------------------
    SLICE_X0Y92          FDRE (Prop_fdre_C_Q)         0.141     1.577 r  u1/counter_reg[7]/Q
                         net (fo=2, routed)           0.133     1.710    u1/counter[7]
    SLICE_X0Y92          CARRY4 (Prop_carry4_S[2]_O[2])
                                                      0.111     1.821 r  u1/counter_reg[8]_i_1/O[2]
                         net (fo=1, routed)           0.000     1.821    u1/data0[7]
    SLICE_X0Y92          FDRE                                         r  u1/counter_reg[7]/D
  -------------------------------------------------------------------    -------------------

                         (clock sys_clk_pin rise edge)
                                                      0.000     0.000 r  
    E3                                                0.000     0.000 r  clk_100M (IN)
                         net (fo=0)                   0.000     0.000    clk_100M
    E3                   IBUF (Prop_ibuf_I_O)         0.438     0.438 r  clk_100M_IBUF_inst/O
                         net (fo=1, routed)           0.603     1.040    clk_100M_IBUF
    BUFGCTRL_X0Y16       BUFG (Prop_bufg_I_O)         0.029     1.069 r  clk_100M_IBUF_BUFG_inst/O
                         net (fo=28, routed)          0.876     1.945    u1/clk_100M_IBUF_BUFG
    SLICE_X0Y92          FDRE                                         r  u1/counter_reg[7]/C
                         clock pessimism             -0.508     1.436    
    SLICE_X0Y92          FDRE (Hold_fdre_C_D)         0.105     1.541    u1/counter_reg[7]
  -------------------------------------------------------------------
                         required time                         -1.541    
                         arrival time                           1.821    
  -------------------------------------------------------------------
                         slack                                  0.280    

Slack (MET) :             0.313ns  (arrival time - required time)
  Source:                 u1/counter_reg[11]/C
                            (rising edge-triggered cell FDRE clocked by sys_clk_pin  {rise@0.000ns fall@5.000ns period=10.000ns})
  Destination:            u1/counter_reg[12]/D
                            (rising edge-triggered cell FDRE clocked by sys_clk_pin  {rise@0.000ns fall@5.000ns period=10.000ns})
  Path Group:             sys_clk_pin
  Path Type:              Hold (Min at Fast Process Corner)
  Requirement:            0.000ns  (sys_clk_pin rise@0.000ns - sys_clk_pin rise@0.000ns)
  Data Path Delay:        0.418ns  (logic 0.285ns (68.253%)  route 0.133ns (31.747%))
  Logic Levels:           1  (CARRY4=1)
  Clock Path Skew:        0.000ns (DCD - SCD - CPR)
    Destination Clock Delay (DCD):    1.946ns
    Source Clock Delay      (SCD):    1.437ns
    Clock Pessimism Removal (CPR):    0.508ns

    Location             Delay type                Incr(ns)  Path(ns)    Netlist Resource(s)
  -------------------------------------------------------------------    -------------------
                         (clock sys_clk_pin rise edge)
                                                      0.000     0.000 r  
    E3                                                0.000     0.000 r  clk_100M (IN)
                         net (fo=0)                   0.000     0.000    clk_100M
    E3                   IBUF (Prop_ibuf_I_O)         0.250     0.250 r  clk_100M_IBUF_inst/O
                         net (fo=1, routed)           0.558     0.808    clk_100M_IBUF
    BUFGCTRL_X0Y16       BUFG (Prop_bufg_I_O)         0.026     0.834 r  clk_100M_IBUF_BUFG_inst/O
                         net (fo=28, routed)          0.604     1.437    u1/clk_100M_IBUF_BUFG
    SLICE_X0Y93          FDRE                                         r  u1/counter_reg[11]/C
  -------------------------------------------------------------------    -------------------
    SLICE_X0Y93          FDRE (Prop_fdre_C_Q)         0.141     1.578 r  u1/counter_reg[11]/Q
                         net (fo=2, routed)           0.133     1.711    u1/counter[11]
    SLICE_X0Y93          CARRY4 (Prop_carry4_S[2]_O[3])
                                                      0.144     1.855 r  u1/counter_reg[12]_i_1/O[3]
                         net (fo=1, routed)           0.000     1.855    u1/data0[12]
    SLICE_X0Y93          FDRE                                         r  u1/counter_reg[12]/D
  -------------------------------------------------------------------    -------------------

                         (clock sys_clk_pin rise edge)
                                                      0.000     0.000 r  
    E3                                                0.000     0.000 r  clk_100M (IN)
                         net (fo=0)                   0.000     0.000    clk_100M
    E3                   IBUF (Prop_ibuf_I_O)         0.438     0.438 r  clk_100M_IBUF_inst/O
                         net (fo=1, routed)           0.603     1.040    clk_100M_IBUF
    BUFGCTRL_X0Y16       BUFG (Prop_bufg_I_O)         0.029     1.069 r  clk_100M_IBUF_BUFG_inst/O
                         net (fo=28, routed)          0.877     1.946    u1/clk_100M_IBUF_BUFG
    SLICE_X0Y93          FDRE                                         r  u1/counter_reg[12]/C
                         clock pessimism             -0.508     1.437    
    SLICE_X0Y93          FDRE (Hold_fdre_C_D)         0.105     1.542    u1/counter_reg[12]
  -------------------------------------------------------------------
                         required time                         -1.542    
                         arrival time                           1.855    
  -------------------------------------------------------------------
                         slack                                  0.313    

Slack (MET) :             0.313ns  (arrival time - required time)
  Source:                 u1/counter_reg[19]/C
                            (rising edge-triggered cell FDRE clocked by sys_clk_pin  {rise@0.000ns fall@5.000ns period=10.000ns})
  Destination:            u1/counter_reg[20]/D
                            (rising edge-triggered cell FDRE clocked by sys_clk_pin  {rise@0.000ns fall@5.000ns period=10.000ns})
  Path Group:             sys_clk_pin
  Path Type:              Hold (Min at Fast Process Corner)
  Requirement:            0.000ns  (sys_clk_pin rise@0.000ns - sys_clk_pin rise@0.000ns)
  Data Path Delay:        0.418ns  (logic 0.285ns (68.253%)  route 0.133ns (31.747%))
  Logic Levels:           1  (CARRY4=1)
  Clock Path Skew:        0.000ns (DCD - SCD - CPR)
    Destination Clock Delay (DCD):    1.946ns
    Source Clock Delay      (SCD):    1.437ns
    Clock Pessimism Removal (CPR):    0.508ns

    Location             Delay type                Incr(ns)  Path(ns)    Netlist Resource(s)
  -------------------------------------------------------------------    -------------------
                         (clock sys_clk_pin rise edge)
                                                      0.000     0.000 r  
    E3                                                0.000     0.000 r  clk_100M (IN)
                         net (fo=0)                   0.000     0.000    clk_100M
    E3                   IBUF (Prop_ibuf_I_O)         0.250     0.250 r  clk_100M_IBUF_inst/O
                         net (fo=1, routed)           0.558     0.808    clk_100M_IBUF
    BUFGCTRL_X0Y16       BUFG (Prop_bufg_I_O)         0.026     0.834 r  clk_100M_IBUF_BUFG_inst/O
                         net (fo=28, routed)          0.604     1.437    u1/clk_100M_IBUF_BUFG
    SLICE_X0Y95          FDRE                                         r  u1/counter_reg[19]/C
  -------------------------------------------------------------------    -------------------
    SLICE_X0Y95          FDRE (Prop_fdre_C_Q)         0.141     1.578 r  u1/counter_reg[19]/Q
                         net (fo=2, routed)           0.133     1.711    u1/counter[19]
    SLICE_X0Y95          CARRY4 (Prop_carry4_S[2]_O[3])
                                                      0.144     1.855 r  u1/counter_reg[20]_i_1/O[3]
                         net (fo=1, routed)           0.000     1.855    u1/data0[20]
    SLICE_X0Y95          FDRE                                         r  u1/counter_reg[20]/D
  -------------------------------------------------------------------    -------------------

                         (clock sys_clk_pin rise edge)
                                                      0.000     0.000 r  
    E3                                                0.000     0.000 r  clk_100M (IN)
                         net (fo=0)                   0.000     0.000    clk_100M
    E3                   IBUF (Prop_ibuf_I_O)         0.438     0.438 r  clk_100M_IBUF_inst/O
                         net (fo=1, routed)           0.603     1.040    clk_100M_IBUF
    BUFGCTRL_X0Y16       BUFG (Prop_bufg_I_O)         0.029     1.069 r  clk_100M_IBUF_BUFG_inst/O
                         net (fo=28, routed)          0.877     1.946    u1/clk_100M_IBUF_BUFG
    SLICE_X0Y95          FDRE                                         r  u1/counter_reg[20]/C
                         clock pessimism             -0.508     1.437    
    SLICE_X0Y95          FDRE (Hold_fdre_C_D)         0.105     1.542    u1/counter_reg[20]
  -------------------------------------------------------------------
                         required time                         -1.542    
                         arrival time                           1.855    
  -------------------------------------------------------------------
                         slack                                  0.313    

Slack (MET) :             0.313ns  (arrival time - required time)
  Source:                 u1/counter_reg[23]/C
                            (rising edge-triggered cell FDRE clocked by sys_clk_pin  {rise@0.000ns fall@5.000ns period=10.000ns})
  Destination:            u1/counter_reg[24]/D
                            (rising edge-triggered cell FDRE clocked by sys_clk_pin  {rise@0.000ns fall@5.000ns period=10.000ns})
  Path Group:             sys_clk_pin
  Path Type:              Hold (Min at Fast Process Corner)
  Requirement:            0.000ns  (sys_clk_pin rise@0.000ns - sys_clk_pin rise@0.000ns)
  Data Path Delay:        0.418ns  (logic 0.285ns (68.253%)  route 0.133ns (31.747%))
  Logic Levels:           1  (CARRY4=1)
  Clock Path Skew:        0.000ns (DCD - SCD - CPR)
    Destination Clock Delay (DCD):    1.946ns
    Source Clock Delay      (SCD):    1.437ns
    Clock Pessimism Removal (CPR):    0.508ns

    Location             Delay type                Incr(ns)  Path(ns)    Netlist Resource(s)
  -------------------------------------------------------------------    -------------------
                         (clock sys_clk_pin rise edge)
                                                      0.000     0.000 r  
    E3                                                0.000     0.000 r  clk_100M (IN)
                         net (fo=0)                   0.000     0.000    clk_100M
    E3                   IBUF (Prop_ibuf_I_O)         0.250     0.250 r  clk_100M_IBUF_inst/O
                         net (fo=1, routed)           0.558     0.808    clk_100M_IBUF
    BUFGCTRL_X0Y16       BUFG (Prop_bufg_I_O)         0.026     0.834 r  clk_100M_IBUF_BUFG_inst/O
                         net (fo=28, routed)          0.604     1.437    u1/clk_100M_IBUF_BUFG
    SLICE_X0Y96          FDRE                                         r  u1/counter_reg[23]/C
  -------------------------------------------------------------------    -------------------
    SLICE_X0Y96          FDRE (Prop_fdre_C_Q)         0.141     1.578 r  u1/counter_reg[23]/Q
                         net (fo=2, routed)           0.133     1.711    u1/counter[23]
    SLICE_X0Y96          CARRY4 (Prop_carry4_S[2]_O[3])
                                                      0.144     1.855 r  u1/counter_reg[24]_i_1/O[3]
                         net (fo=1, routed)           0.000     1.855    u1/data0[24]
    SLICE_X0Y96          FDRE                                         r  u1/counter_reg[24]/D
  -------------------------------------------------------------------    -------------------

                         (clock sys_clk_pin rise edge)
                                                      0.000     0.000 r  
    E3                                                0.000     0.000 r  clk_100M (IN)
                         net (fo=0)                   0.000     0.000    clk_100M
    E3                   IBUF (Prop_ibuf_I_O)         0.438     0.438 r  clk_100M_IBUF_inst/O
                         net (fo=1, routed)           0.603     1.040    clk_100M_IBUF
    BUFGCTRL_X0Y16       BUFG (Prop_bufg_I_O)         0.029     1.069 r  clk_100M_IBUF_BUFG_inst/O
                         net (fo=28, routed)          0.877     1.946    u1/clk_100M_IBUF_BUFG
    SLICE_X0Y96          FDRE                                         r  u1/counter_reg[24]/C
                         clock pessimism             -0.508     1.437    
    SLICE_X0Y96          FDRE (Hold_fdre_C_D)         0.105     1.542    u1/counter_reg[24]
  -------------------------------------------------------------------
                         required time                         -1.542    
                         arrival time                           1.855    
  -------------------------------------------------------------------
                         slack                                  0.313    

Slack (MET) :             0.313ns  (arrival time - required time)
  Source:                 u1/counter_reg[3]/C
                            (rising edge-triggered cell FDRE clocked by sys_clk_pin  {rise@0.000ns fall@5.000ns period=10.000ns})
  Destination:            u1/counter_reg[4]/D
                            (rising edge-triggered cell FDRE clocked by sys_clk_pin  {rise@0.000ns fall@5.000ns period=10.000ns})
  Path Group:             sys_clk_pin
  Path Type:              Hold (Min at Fast Process Corner)
  Requirement:            0.000ns  (sys_clk_pin rise@0.000ns - sys_clk_pin rise@0.000ns)
  Data Path Delay:        0.418ns  (logic 0.285ns (68.253%)  route 0.133ns (31.747%))
  Logic Levels:           1  (CARRY4=1)
  Clock Path Skew:        0.000ns (DCD - SCD - CPR)
    Destination Clock Delay (DCD):    1.945ns
    Source Clock Delay      (SCD):    1.436ns
    Clock Pessimism Removal (CPR):    0.508ns

    Location             Delay type                Incr(ns)  Path(ns)    Netlist Resource(s)
  -------------------------------------------------------------------    -------------------
                         (clock sys_clk_pin rise edge)
                                                      0.000     0.000 r  
    E3                                                0.000     0.000 r  clk_100M (IN)
                         net (fo=0)                   0.000     0.000    clk_100M
    E3                   IBUF (Prop_ibuf_I_O)         0.250     0.250 r  clk_100M_IBUF_inst/O
                         net (fo=1, routed)           0.558     0.808    clk_100M_IBUF
    BUFGCTRL_X0Y16       BUFG (Prop_bufg_I_O)         0.026     0.834 r  clk_100M_IBUF_BUFG_inst/O
                         net (fo=28, routed)          0.603     1.436    u1/clk_100M_IBUF_BUFG
    SLICE_X0Y91          FDRE                                         r  u1/counter_reg[3]/C
  -------------------------------------------------------------------    -------------------
    SLICE_X0Y91          FDRE (Prop_fdre_C_Q)         0.141     1.577 r  u1/counter_reg[3]/Q
                         net (fo=2, routed)           0.133     1.710    u1/counter[3]
    SLICE_X0Y91          CARRY4 (Prop_carry4_S[2]_O[3])
                                                      0.144     1.854 r  u1/counter_reg[4]_i_1/O[3]
                         net (fo=1, routed)           0.000     1.854    u1/data0[4]
    SLICE_X0Y91          FDRE                                         r  u1/counter_reg[4]/D
  -------------------------------------------------------------------    -------------------

                         (clock sys_clk_pin rise edge)
                                                      0.000     0.000 r  
    E3                                                0.000     0.000 r  clk_100M (IN)
                         net (fo=0)                   0.000     0.000    clk_100M
    E3                   IBUF (Prop_ibuf_I_O)         0.438     0.438 r  clk_100M_IBUF_inst/O
                         net (fo=1, routed)           0.603     1.040    clk_100M_IBUF
    BUFGCTRL_X0Y16       BUFG (Prop_bufg_I_O)         0.029     1.069 r  clk_100M_IBUF_BUFG_inst/O
                         net (fo=28, routed)          0.876     1.945    u1/clk_100M_IBUF_BUFG
    SLICE_X0Y91          FDRE                                         r  u1/counter_reg[4]/C
                         clock pessimism             -0.508     1.436    
    SLICE_X0Y91          FDRE (Hold_fdre_C_D)         0.105     1.541    u1/counter_reg[4]
  -------------------------------------------------------------------
                         required time                         -1.541    
                         arrival time                           1.854    
  -------------------------------------------------------------------
                         slack                                  0.313    





Pulse Width Checks
--------------------------------------------------------------------------------------
Clock Name:         sys_clk_pin
Waveform(ns):       { 0.000 5.000 }
Period(ns):         10.000
Sources:            { clk_100M }

Check Type        Corner  Lib Pin  Reference Pin  Required(ns)  Actual(ns)  Slack(ns)  Location        Pin
Min Period        n/a     BUFG/I   n/a            2.155         10.000      7.845      BUFGCTRL_X0Y16  clk_100M_IBUF_BUFG_inst/I
Min Period        n/a     FDRE/C   n/a            1.000         10.000      9.000      SLICE_X1Y94     u1/clk_05_reg/C
Min Period        n/a     FDRE/C   n/a            1.000         10.000      9.000      SLICE_X1Y94     u1/counter_reg[0]/C
Min Period        n/a     FDRE/C   n/a            1.000         10.000      9.000      SLICE_X0Y93     u1/counter_reg[10]/C
Min Period        n/a     FDRE/C   n/a            1.000         10.000      9.000      SLICE_X0Y93     u1/counter_reg[11]/C
Min Period        n/a     FDRE/C   n/a            1.000         10.000      9.000      SLICE_X0Y93     u1/counter_reg[12]/C
Min Period        n/a     FDRE/C   n/a            1.000         10.000      9.000      SLICE_X0Y94     u1/counter_reg[13]/C
Min Period        n/a     FDRE/C   n/a            1.000         10.000      9.000      SLICE_X0Y94     u1/counter_reg[14]/C
Min Period        n/a     FDRE/C   n/a            1.000         10.000      9.000      SLICE_X0Y94     u1/counter_reg[15]/C
Min Period        n/a     FDRE/C   n/a            1.000         10.000      9.000      SLICE_X0Y94     u1/counter_reg[16]/C
Low Pulse Width   Fast    FDRE/C   n/a            0.500         5.000       4.500      SLICE_X1Y94     u1/clk_05_reg/C
Low Pulse Width   Fast    FDRE/C   n/a            0.500         5.000       4.500      SLICE_X1Y94     u1/counter_reg[0]/C
Low Pulse Width   Fast    FDRE/C   n/a            0.500         5.000       4.500      SLICE_X0Y93     u1/counter_reg[10]/C
Low Pulse Width   Fast    FDRE/C   n/a            0.500         5.000       4.500      SLICE_X0Y93     u1/counter_reg[11]/C
Low Pulse Width   Fast    FDRE/C   n/a            0.500         5.000       4.500      SLICE_X0Y93     u1/counter_reg[12]/C
Low Pulse Width   Fast    FDRE/C   n/a            0.500         5.000       4.500      SLICE_X0Y94     u1/counter_reg[13]/C
Low Pulse Width   Fast    FDRE/C   n/a            0.500         5.000       4.500      SLICE_X0Y94     u1/counter_reg[14]/C
Low Pulse Width   Fast    FDRE/C   n/a            0.500         5.000       4.500      SLICE_X0Y94     u1/counter_reg[15]/C
Low Pulse Width   Fast    FDRE/C   n/a            0.500         5.000       4.500      SLICE_X0Y94     u1/counter_reg[16]/C
Low Pulse Width   Fast    FDRE/C   n/a            0.500         5.000       4.500      SLICE_X0Y95     u1/counter_reg[17]/C
High Pulse Width  Slow    FDRE/C   n/a            0.500         5.000       4.500      SLICE_X1Y94     u1/clk_05_reg/C
High Pulse Width  Slow    FDRE/C   n/a            0.500         5.000       4.500      SLICE_X1Y94     u1/counter_reg[0]/C
High Pulse Width  Slow    FDRE/C   n/a            0.500         5.000       4.500      SLICE_X0Y93     u1/counter_reg[10]/C
High Pulse Width  Slow    FDRE/C   n/a            0.500         5.000       4.500      SLICE_X0Y93     u1/counter_reg[11]/C
High Pulse Width  Slow    FDRE/C   n/a            0.500         5.000       4.500      SLICE_X0Y93     u1/counter_reg[12]/C
High Pulse Width  Slow    FDRE/C   n/a            0.500         5.000       4.500      SLICE_X0Y94     u1/counter_reg[13]/C
High Pulse Width  Slow    FDRE/C   n/a            0.500         5.000       4.500      SLICE_X0Y94     u1/counter_reg[14]/C
High Pulse Width  Slow    FDRE/C   n/a            0.500         5.000       4.500      SLICE_X0Y94     u1/counter_reg[15]/C
High Pulse Width  Slow    FDRE/C   n/a            0.500         5.000       4.500      SLICE_X0Y94     u1/counter_reg[16]/C
High Pulse Width  Slow    FDRE/C   n/a            0.500         5.000       4.500      SLICE_X0Y95     u1/counter_reg[17]/C



