
*** Running vivado
    with args -log Main.vds -m64 -mode batch -messageDb vivado.pb -notrace -source Main.tcl


****** Vivado v2015.4 (64-bit)
  **** SW Build 1412921 on Wed Nov 18 09:43:45 MST 2015
  **** IP Build 1412160 on Tue Nov 17 13:47:24 MST 2015
    ** Copyright 1986-2015 Xilinx, Inc. All Rights Reserved.

source Main.tcl -notrace
Command: synth_design -top Main -part xc7a100tcsg324-1
Starting synth_design
Attempting to get a license for feature 'Synthesis' and/or device 'xc7a100t'
INFO: [Common 17-349] Got license for feature 'Synthesis' and/or device 'xc7a100t'
INFO: [Common 17-1223] The version limit for your license is '2017.06' and will expire in -972 days. A version limit expiration means that, although you may be able to continue to use the current version of tools or IP with this license, you will not be eligible for any updates or new releases.
---------------------------------------------------------------------------------
Starting RTL Elaboration : Time (s): cpu = 00:00:05 ; elapsed = 00:00:07 . Memory (MB): peak = 264.133 ; gain = 92.578
---------------------------------------------------------------------------------
INFO: [Synth 8-638] synthesizing module 'Main' [D:/Vi27_2/SHIKI_VOID/SHIKI_VOID.srcs/sources_1/new/Main.vhd:15]
INFO: [Synth 8-3491] module 'Half_Adder' declared at 'D:/Vi27_2/SHIKI_VOID/SHIKI_VOID.srcs/sources_1/new/Half_Adder.vhd:3' bound to instance 'HalfAdder1' of component 'Half_Adder' [D:/Vi27_2/SHIKI_VOID/SHIKI_VOID.srcs/sources_1/new/Main.vhd:52]
INFO: [Synth 8-638] synthesizing module 'Half_Adder' [D:/Vi27_2/SHIKI_VOID/SHIKI_VOID.srcs/sources_1/new/Half_Adder.vhd:13]
INFO: [Synth 8-256] done synthesizing module 'Half_Adder' (1#1) [D:/Vi27_2/SHIKI_VOID/SHIKI_VOID.srcs/sources_1/new/Half_Adder.vhd:13]
INFO: [Synth 8-3491] module 'Half_Adder' declared at 'D:/Vi27_2/SHIKI_VOID/SHIKI_VOID.srcs/sources_1/new/Half_Adder.vhd:3' bound to instance 'HalfAdder2' of component 'Half_Adder' [D:/Vi27_2/SHIKI_VOID/SHIKI_VOID.srcs/sources_1/new/Main.vhd:60]
INFO: [Synth 8-3491] module 'clk_divider' declared at 'D:/Vi27_2/SHIKI_VOID/SHIKI_VOID.srcs/sources_1/new/clk_divider.vhd:7' bound to instance 'Clock_Divider' of component 'clk_divider' [D:/Vi27_2/SHIKI_VOID/SHIKI_VOID.srcs/sources_1/new/Main.vhd:69]
INFO: [Synth 8-638] synthesizing module 'clk_divider' [D:/Vi27_2/SHIKI_VOID/SHIKI_VOID.srcs/sources_1/new/clk_divider.vhd:15]
INFO: [Synth 8-256] done synthesizing module 'clk_divider' (2#1) [D:/Vi27_2/SHIKI_VOID/SHIKI_VOID.srcs/sources_1/new/clk_divider.vhd:15]
INFO: [Synth 8-3491] module 'HextoDec' declared at 'D:/Vi27_2/SHIKI_VOID/SHIKI_VOID.srcs/sources_1/new/HextoDec.vhd:3' bound to instance 'Display' of component 'HextoDec' [D:/Vi27_2/SHIKI_VOID/SHIKI_VOID.srcs/sources_1/new/Main.vhd:75]
INFO: [Synth 8-638] synthesizing module 'HextoDec' [D:/Vi27_2/SHIKI_VOID/SHIKI_VOID.srcs/sources_1/new/HextoDec.vhd:14]
INFO: [Synth 8-226] default block is never used [D:/Vi27_2/SHIKI_VOID/SHIKI_VOID.srcs/sources_1/new/HextoDec.vhd:26]
INFO: [Synth 8-256] done synthesizing module 'HextoDec' (3#1) [D:/Vi27_2/SHIKI_VOID/SHIKI_VOID.srcs/sources_1/new/HextoDec.vhd:14]
INFO: [Synth 8-256] done synthesizing module 'Main' (4#1) [D:/Vi27_2/SHIKI_VOID/SHIKI_VOID.srcs/sources_1/new/Main.vhd:15]
---------------------------------------------------------------------------------
Finished RTL Elaboration : Time (s): cpu = 00:00:06 ; elapsed = 00:00:08 . Memory (MB): peak = 301.309 ; gain = 129.754
---------------------------------------------------------------------------------

Report Check Netlist: 
+------+------------------+-------+---------+-------+------------------+
|      |Item              |Errors |Warnings |Status |Description       |
+------+------------------+-------+---------+-------+------------------+
|1     |multi_driven_nets |      0|        0|Passed |Multi driven nets |
+------+------------------+-------+---------+-------+------------------+
---------------------------------------------------------------------------------
Finished RTL Optimization Phase 1 : Time (s): cpu = 00:00:06 ; elapsed = 00:00:08 . Memory (MB): peak = 301.309 ; gain = 129.754
---------------------------------------------------------------------------------
INFO: [Device 21-403] Loading part xc7a100tcsg324-1
INFO: [Project 1-570] Preparing netlist for logic optimization

Processing XDC Constraints
Initializing timing engine
Parsing XDC File [D:/Vi27_2/SHIKI_VOID/SHIKI_VOID.srcs/constrs_1/new/Ready.xdc]
Finished Parsing XDC File [D:/Vi27_2/SHIKI_VOID/SHIKI_VOID.srcs/constrs_1/new/Ready.xdc]
INFO: [Project 1-236] Implementation specific constraints were found while reading constraint file [D:/Vi27_2/SHIKI_VOID/SHIKI_VOID.srcs/constrs_1/new/Ready.xdc]. These constraints will be ignored for synthesis but will be used in implementation. Impacted constraints are listed in the file [.Xil/Main_propImpl.xdc].
Resolution: To avoid this warning, move constraints listed in [.Xil/Main_propImpl.xdc] to another XDC file and exclude this new file from synthesis with the used_in_synthesis property (File Properties dialog in GUI) and re-run elaboration/synthesis.
Completed Processing XDC Constraints

INFO: [Project 1-111] Unisim Transformation Summary:
No Unisim elements were transformed.

Constraint Validation Runtime : Time (s): cpu = 00:00:00 ; elapsed = 00:00:00.002 . Memory (MB): peak = 577.371 ; gain = 0.000
---------------------------------------------------------------------------------
Finished Constraint Validation : Time (s): cpu = 00:00:13 ; elapsed = 00:00:15 . Memory (MB): peak = 577.371 ; gain = 405.816
---------------------------------------------------------------------------------
---------------------------------------------------------------------------------
Start Loading Part and Timing Information
---------------------------------------------------------------------------------
Loading part: xc7a100tcsg324-1
---------------------------------------------------------------------------------
Finished Loading Part and Timing Information : Time (s): cpu = 00:00:13 ; elapsed = 00:00:15 . Memory (MB): peak = 577.371 ; gain = 405.816
---------------------------------------------------------------------------------
---------------------------------------------------------------------------------
Start Applying 'set_property' XDC Constraints
---------------------------------------------------------------------------------
---------------------------------------------------------------------------------
Finished applying 'set_property' XDC Constraints : Time (s): cpu = 00:00:13 ; elapsed = 00:00:15 . Memory (MB): peak = 577.371 ; gain = 405.816
---------------------------------------------------------------------------------
INFO: [Synth 8-5546] ROM "clk3" won't be mapped to RAM because it is too sparse
---------------------------------------------------------------------------------
Finished RTL Optimization Phase 2 : Time (s): cpu = 00:00:13 ; elapsed = 00:00:16 . Memory (MB): peak = 577.371 ; gain = 405.816
---------------------------------------------------------------------------------

Report RTL Partitions: 
+-+--------------+------------+----------+
| |RTL Partition |Replication |Instances |
+-+--------------+------------+----------+
+-+--------------+------------+----------+
---------------------------------------------------------------------------------
Start RTL Component Statistics 
---------------------------------------------------------------------------------
Detailed RTL Component Info : 
+---Adders : 
	   2 Input     24 Bit       Adders := 1     
+---XORs : 
	   2 Input      1 Bit         XORs := 2     
+---Registers : 
	               24 Bit    Registers := 1     
	                1 Bit    Registers := 1     
+---Muxes : 
	   2 Input     24 Bit        Muxes := 1     
	   2 Input      8 Bit        Muxes := 1     
	   2 Input      7 Bit        Muxes := 1     
	   2 Input      1 Bit        Muxes := 1     
---------------------------------------------------------------------------------
Finished RTL Component Statistics 
---------------------------------------------------------------------------------
---------------------------------------------------------------------------------
Start RTL Hierarchical Component Statistics 
---------------------------------------------------------------------------------
Hierarchical RTL Component report 
Module Half_Adder 
Detailed RTL Component Info : 
+---XORs : 
	   2 Input      1 Bit         XORs := 1     
Module clk_divider 
Detailed RTL Component Info : 
+---Adders : 
	   2 Input     24 Bit       Adders := 1     
+---Registers : 
	               24 Bit    Registers := 1     
	                1 Bit    Registers := 1     
+---Muxes : 
	   2 Input     24 Bit        Muxes := 1     
Module HextoDec 
Detailed RTL Component Info : 
+---Muxes : 
	   2 Input      8 Bit        Muxes := 1     
	   2 Input      7 Bit        Muxes := 1     
	   2 Input      1 Bit        Muxes := 1     
---------------------------------------------------------------------------------
Finished RTL Hierarchical Component Statistics
---------------------------------------------------------------------------------
---------------------------------------------------------------------------------
Start Part Resource Summary
---------------------------------------------------------------------------------
Part Resources:
DSPs: 240 (col length:80)
BRAMs: 270 (col length: RAMB18 80 RAMB36 40)
---------------------------------------------------------------------------------
Finished Part Resource Summary
---------------------------------------------------------------------------------
Start Parallel Synthesis Optimization  : Time (s): cpu = 00:00:13 ; elapsed = 00:00:16 . Memory (MB): peak = 577.371 ; gain = 405.816
---------------------------------------------------------------------------------
Start Cross Boundary Optimization
---------------------------------------------------------------------------------
INFO: [Synth 8-5546] ROM "Clock_Divider/clk3" won't be mapped to RAM because it is too sparse
WARNING: [Synth 8-3917] design Main has port s[6] driven by constant 1
WARNING: [Synth 8-3917] design Main has port s[2] driven by constant 0
WARNING: [Synth 8-3917] design Main has port s[1] driven by constant 0
WARNING: [Synth 8-3917] design Main has port an[7] driven by constant 1
WARNING: [Synth 8-3917] design Main has port an[6] driven by constant 1
WARNING: [Synth 8-3917] design Main has port an[5] driven by constant 1
WARNING: [Synth 8-3917] design Main has port an[4] driven by constant 1
WARNING: [Synth 8-3917] design Main has port an[3] driven by constant 1
WARNING: [Synth 8-3917] design Main has port an[2] driven by constant 1
---------------------------------------------------------------------------------
Finished Cross Boundary Optimization : Time (s): cpu = 00:00:14 ; elapsed = 00:00:16 . Memory (MB): peak = 577.371 ; gain = 405.816
---------------------------------------------------------------------------------
Finished Parallel Reinference  : Time (s): cpu = 00:00:14 ; elapsed = 00:00:16 . Memory (MB): peak = 577.371 ; gain = 405.816

Report RTL Partitions: 
+-+--------------+------------+----------+
| |RTL Partition |Replication |Instances |
+-+--------------+------------+----------+
+-+--------------+------------+----------+
---------------------------------------------------------------------------------
Start Area Optimization
---------------------------------------------------------------------------------
---------------------------------------------------------------------------------
Finished Area Optimization : Time (s): cpu = 00:00:14 ; elapsed = 00:00:16 . Memory (MB): peak = 577.371 ; gain = 405.816
---------------------------------------------------------------------------------
Finished Parallel Area Optimization  : Time (s): cpu = 00:00:14 ; elapsed = 00:00:16 . Memory (MB): peak = 577.371 ; gain = 405.816

Report RTL Partitions: 
+-+--------------+------------+----------+
| |RTL Partition |Replication |Instances |
+-+--------------+------------+----------+
+-+--------------+------------+----------+
---------------------------------------------------------------------------------
Start Timing Optimization
---------------------------------------------------------------------------------
---------------------------------------------------------------------------------
Start Applying XDC Timing Constraints
---------------------------------------------------------------------------------
---------------------------------------------------------------------------------
Finished Applying XDC Timing Constraints : Time (s): cpu = 00:00:23 ; elapsed = 00:00:26 . Memory (MB): peak = 577.371 ; gain = 405.816
---------------------------------------------------------------------------------
---------------------------------------------------------------------------------
Finished Timing Optimization : Time (s): cpu = 00:00:23 ; elapsed = 00:00:26 . Memory (MB): peak = 577.973 ; gain = 406.418
---------------------------------------------------------------------------------

Report RTL Partitions: 
+-+--------------+------------+----------+
| |RTL Partition |Replication |Instances |
+-+--------------+------------+----------+
+-+--------------+------------+----------+
---------------------------------------------------------------------------------
Start Technology Mapping
---------------------------------------------------------------------------------
---------------------------------------------------------------------------------
Finished Technology Mapping : Time (s): cpu = 00:00:23 ; elapsed = 00:00:26 . Memory (MB): peak = 586.539 ; gain = 414.984
---------------------------------------------------------------------------------
Finished Parallel Technology Mapping Optimization  : Time (s): cpu = 00:00:23 ; elapsed = 00:00:26 . Memory (MB): peak = 586.539 ; gain = 414.984

Report RTL Partitions: 
+-+--------------+------------+----------+
| |RTL Partition |Replication |Instances |
+-+--------------+------------+----------+
+-+--------------+------------+----------+
Finished Parallel Synthesis Optimization  : Time (s): cpu = 00:00:23 ; elapsed = 00:00:26 . Memory (MB): peak = 586.539 ; gain = 414.984
---------------------------------------------------------------------------------
Start IO Insertion
---------------------------------------------------------------------------------
---------------------------------------------------------------------------------
Start Flattening Before IO Insertion
---------------------------------------------------------------------------------
---------------------------------------------------------------------------------
Finished Flattening Before IO Insertion
---------------------------------------------------------------------------------
---------------------------------------------------------------------------------
Start Final Netlist Cleanup
---------------------------------------------------------------------------------
---------------------------------------------------------------------------------
Finished Final Netlist Cleanup
---------------------------------------------------------------------------------
---------------------------------------------------------------------------------
Finished IO Insertion : Time (s): cpu = 00:00:24 ; elapsed = 00:00:26 . Memory (MB): peak = 586.539 ; gain = 414.984
---------------------------------------------------------------------------------

Report Check Netlist: 
+------+------------------+-------+---------+-------+------------------+
|      |Item              |Errors |Warnings |Status |Description       |
+------+------------------+-------+---------+-------+------------------+
|1     |multi_driven_nets |      0|        0|Passed |Multi driven nets |
+------+------------------+-------+---------+-------+------------------+
---------------------------------------------------------------------------------
Start Renaming Generated Instances
---------------------------------------------------------------------------------
---------------------------------------------------------------------------------
Finished Renaming Generated Instances : Time (s): cpu = 00:00:24 ; elapsed = 00:00:26 . Memory (MB): peak = 586.539 ; gain = 414.984
---------------------------------------------------------------------------------

Report RTL Partitions: 
+-+--------------+------------+----------+
| |RTL Partition |Replication |Instances |
+-+--------------+------------+----------+
+-+--------------+------------+----------+
---------------------------------------------------------------------------------
Start Rebuilding User Hierarchy
---------------------------------------------------------------------------------
---------------------------------------------------------------------------------
Finished Rebuilding User Hierarchy : Time (s): cpu = 00:00:24 ; elapsed = 00:00:26 . Memory (MB): peak = 586.539 ; gain = 414.984
---------------------------------------------------------------------------------
---------------------------------------------------------------------------------
Start Renaming Generated Ports
---------------------------------------------------------------------------------
---------------------------------------------------------------------------------
Finished Renaming Generated Ports : Time (s): cpu = 00:00:24 ; elapsed = 00:00:26 . Memory (MB): peak = 586.539 ; gain = 414.984
---------------------------------------------------------------------------------
---------------------------------------------------------------------------------
Start Handling Custom Attributes
---------------------------------------------------------------------------------
---------------------------------------------------------------------------------
Finished Handling Custom Attributes : Time (s): cpu = 00:00:24 ; elapsed = 00:00:27 . Memory (MB): peak = 586.539 ; gain = 414.984
---------------------------------------------------------------------------------
---------------------------------------------------------------------------------
Start Renaming Generated Nets
---------------------------------------------------------------------------------
---------------------------------------------------------------------------------
Finished Renaming Generated Nets : Time (s): cpu = 00:00:24 ; elapsed = 00:00:27 . Memory (MB): peak = 586.539 ; gain = 414.984
---------------------------------------------------------------------------------
---------------------------------------------------------------------------------
Start Writing Synthesis Report
---------------------------------------------------------------------------------

Report BlackBoxes: 
+-+--------------+----------+
| |BlackBox name |Instances |
+-+--------------+----------+
+-+--------------+----------+

Report Cell Usage: 
+------+-------+------+
|      |Cell   |Count |
+------+-------+------+
|1     |BUFG   |     1|
|2     |CARRY4 |     6|
|3     |LUT1   |    24|
|4     |LUT2   |     2|
|5     |LUT3   |     2|
|6     |LUT4   |     6|
|7     |LUT6   |     1|
|8     |FDRE   |    25|
|9     |IBUF   |     4|
|10    |OBUF   |    15|
+------+-------+------+

Report Instance Areas: 
+------+----------------+------------+------+
|      |Instance        |Module      |Cells |
+------+----------------+------------+------+
|1     |top             |            |    86|
|2     |  Clock_Divider |clk_divider |    66|
+------+----------------+------------+------+
---------------------------------------------------------------------------------
Finished Writing Synthesis Report : Time (s): cpu = 00:00:24 ; elapsed = 00:00:27 . Memory (MB): peak = 586.539 ; gain = 414.984
---------------------------------------------------------------------------------
Synthesis finished with 0 errors, 0 critical warnings and 9 warnings.
Synthesis Optimization Runtime : Time (s): cpu = 00:00:14 ; elapsed = 00:00:19 . Memory (MB): peak = 586.539 ; gain = 119.055
Synthesis Optimization Complete : Time (s): cpu = 00:00:24 ; elapsed = 00:00:27 . Memory (MB): peak = 586.539 ; gain = 414.984
INFO: [Project 1-571] Translating synthesized netlist
INFO: [Netlist 29-17] Analyzing 10 Unisim elements for replacement
INFO: [Netlist 29-28] Unisim Transformation completed in 0 CPU seconds
INFO: [Project 1-570] Preparing netlist for logic optimization
INFO: [Opt 31-138] Pushed 0 inverter(s) to 0 load pin(s).
INFO: [Project 1-111] Unisim Transformation Summary:
No Unisim elements were transformed.

INFO: [Common 17-83] Releasing license: Synthesis
28 Infos, 9 Warnings, 0 Critical Warnings and 0 Errors encountered.
synth_design completed successfully
synth_design: Time (s): cpu = 00:00:23 ; elapsed = 00:00:25 . Memory (MB): peak = 586.539 ; gain = 399.141
report_utilization: Time (s): cpu = 00:00:00 ; elapsed = 00:00:00.021 . Memory (MB): peak = 586.539 ; gain = 0.000
INFO: [Common 17-206] Exiting Vivado at Thu Feb 27 16:15:09 2020...
